# JRE version: OpenJDK Runtime Environment Temurin-17.0.10+7 (17.0.10+7) (build 17.0.10+7)
# Java VM: OpenJDK 64-Bit Server VM Temurin-17.0.10+7 (17.0.10+7, mixed mode, tiered, compressed oops, compressed class ptrs, parallel gc, windows-amd64)
GC Precious Log:
 CPUs: 8 total, 8 available
 Memory: 7885M
 Large Page Support: Disabled
 NUMA Support: Disabled
 Compressed Oops: Enabled (32-bit)
 Alignments: Space 512K, Generation 512K, Heap 2M
 Heap Min Capacity: 100M
 Heap Initial Capacity: 100M
 Heap Max Capacity: 1G
 Pre-touch: Disabled
 Parallel Workers: 8
Heap:
 PSYoungGen      total 6144K, used 4135K [0x00000000eab00000, 0x00000000eb380000, 0x0000000100000000)
  eden space 3584K, 53% used [0x00000000eab00000,0x00000000eacde9e0,0x00000000eae80000)
  from space 2560K, 86% used [0x00000000eae80000,0x00000000eb0ab380,0x00000000eb100000)
  to   space 2560K, 0% used [0x00000000eb100000,0x00000000eb100000,0x00000000eb380000)
 ParOldGen       total 148480K, used 128761K [0x00000000c0000000, 0x00000000c9100000, 0x00000000eab00000)
  object space 148480K, 86% used [0x00000000c0000000,0x00000000c7dbe6a8,0x00000000c9100000)
 Metaspace       used 79106K, committed 80448K, reserved 1179648K
  class space    used 8065K, committed 8640K, reserved 1048576K
GC Heap History (20 events):
Event: 31.986 GC heap before
{Heap before GC invocations=143 (full 7):
 PSYoungGen      total 6656K, used 6306K [0x00000000eab00000, 0x00000000eba00000, 0x0000000100000000)
  eden space 3584K, 99% used [0x00000000eab00000,0x00000000eae7c930,0x00000000eae80000)
  from space 3072K, 89% used [0x00000000eae80000,0x00000000eb12c010,0x00000000eb180000)
  to   space 5632K, 0% used [0x00000000eb480000,0x00000000eb480000,0x00000000eba00000)
 ParOldGen       total 148480K, used 126211K [0x00000000c0000000, 0x00000000c9100000, 0x00000000eab00000)
  object space 148480K, 85% used [0x00000000c0000000,0x00000000c7b40e98,0x00000000c9100000)
 Metaspace       used 78669K, committed 80064K, reserved 1179648K
  class space    used 7999K, committed 8640K, reserved 1048576K
}
Event: 31.989 GC heap after
{Heap after GC invocations=143 (full 7):
 PSYoungGen      total 6656K, used 2752K [0x00000000eab00000, 0x00000000eb780000, 0x0000000100000000)
  eden space 3584K, 0% used [0x00000000eab00000,0x00000000eab00000,0x00000000eae80000)
  from space 3072K, 89% used [0x00000000eb480000,0x00000000eb730020,0x00000000eb780000)
  to   space 3584K, 0% used [0x00000000eb080000,0x00000000eb080000,0x00000000eb400000)
 ParOldGen       total 148480K, used 126211K [0x00000000c0000000, 0x00000000c9100000, 0x00000000eab00000)
  object space 148480K, 85% used [0x00000000c0000000,0x00000000c7b40e98,0x00000000c9100000)
 Metaspace       used 78669K, committed 80064K, reserved 1179648K
  class space    used 7999K, committed 8640K, reserved 1048576K
}
Event: 306.624 GC heap before
{Heap before GC invocations=144 (full 7):
 PSYoungGen      total 6656K, used 6336K [0x00000000eab00000, 0x00000000eb780000, 0x0000000100000000)
  eden space 3584K, 100% used [0x00000000eab00000,0x00000000eae80000,0x00000000eae80000)
  from space 3072K, 89% used [0x00000000eb480000,0x00000000eb730020,0x00000000eb780000)
  to   space 3584K, 0% used [0x00000000eb080000,0x00000000eb080000,0x00000000eb400000)
 ParOldGen       total 148480K, used 126211K [0x00000000c0000000, 0x00000000c9100000, 0x00000000eab00000)
  object space 148480K, 85% used [0x00000000c0000000,0x00000000c7b40e98,0x00000000c9100000)
 Metaspace       used 78739K, committed 80064K, reserved 1179648K
  class space    used 8003K, committed 8640K, reserved 1048576K
}
Event: 306.770 GC heap after
{Heap after GC invocations=144 (full 7):
 PSYoungGen      total 6656K, used 2992K [0x00000000eab00000, 0x00000000eb500000, 0x0000000100000000)
  eden space 3584K, 0% used [0x00000000eab00000,0x00000000eab00000,0x00000000eae80000)
  from space 3072K, 97% used [0x00000000eb080000,0x00000000eb36c030,0x00000000eb380000)
  to   space 1536K, 0% used [0x00000000eb380000,0x00000000eb380000,0x00000000eb500000)
 ParOldGen       total 148480K, used 126211K [0x00000000c0000000, 0x00000000c9100000, 0x00000000eab00000)
  object space 148480K, 85% used [0x00000000c0000000,0x00000000c7b40e98,0x00000000c9100000)
 Metaspace       used 78739K, committed 80064K, reserved 1179648K
  class space    used 8003K, committed 8640K, reserved 1048576K
}
Event: 354.955 GC heap before
{Heap before GC invocations=145 (full 7):
 PSYoungGen      total 6656K, used 6576K [0x00000000eab00000, 0x00000000eb500000, 0x0000000100000000)
  eden space 3584K, 100% used [0x00000000eab00000,0x00000000eae80000,0x00000000eae80000)
  from space 3072K, 97% used [0x00000000eb080000,0x00000000eb36c030,0x00000000eb380000)
  to   space 1536K, 0% used [0x00000000eb380000,0x00000000eb380000,0x00000000eb500000)
 ParOldGen       total 148480K, used 126211K [0x00000000c0000000, 0x00000000c9100000, 0x00000000eab00000)
  object space 148480K, 85% used [0x00000000c0000000,0x00000000c7b40e98,0x00000000c9100000)
 Metaspace       used 78867K, committed 80256K, reserved 1179648K
  class space    used 8020K, committed 8640K, reserved 1048576K
}
Event: 354.977 GC heap after
{Heap after GC invocations=145 (full 7):
 PSYoungGen      total 5120K, used 1507K [0x00000000eab00000, 0x00000000eb580000, 0x0000000100000000)
  eden space 3584K, 0% used [0x00000000eab00000,0x00000000eab00000,0x00000000eae80000)
  from space 1536K, 98% used [0x00000000eb380000,0x00000000eb4f8f60,0x00000000eb500000)
  to   space 3584K, 0% used [0x00000000eae80000,0x00000000eae80000,0x00000000eb200000)
 ParOldGen       total 148480K, used 127929K [0x00000000c0000000, 0x00000000c9100000, 0x00000000eab00000)
  object space 148480K, 86% used [0x00000000c0000000,0x00000000c7cee678,0x00000000c9100000)
 Metaspace       used 78867K, committed 80256K, reserved 1179648K
  class space    used 8020K, committed 8640K, reserved 1048576K
}
Event: 521.154 GC heap before
{Heap before GC invocations=146 (full 7):
 PSYoungGen      total 5120K, used 5091K [0x00000000eab00000, 0x00000000eb580000, 0x0000000100000000)
  eden space 3584K, 100% used [0x00000000eab00000,0x00000000eae80000,0x00000000eae80000)
  from space 1536K, 98% used [0x00000000eb380000,0x00000000eb4f8f60,0x00000000eb500000)
  to   space 3584K, 0% used [0x00000000eae80000,0x00000000eae80000,0x00000000eb200000)
 ParOldGen       total 148480K, used 127929K [0x00000000c0000000, 0x00000000c9100000, 0x00000000eab00000)
  object space 148480K, 86% used [0x00000000c0000000,0x00000000c7cee678,0x00000000c9100000)
 Metaspace       used 79020K, committed 80384K, reserved 1179648K
  class space    used 8056K, committed 8640K, reserved 1048576K
}
Event: 521.162 GC heap after
{Heap after GC invocations=146 (full 7):
 PSYoungGen      total 5632K, used 1612K [0x00000000eab00000, 0x00000000eb400000, 0x0000000100000000)
  eden space 3584K, 0% used [0x00000000eab00000,0x00000000eab00000,0x00000000eae80000)
  from space 2048K, 78% used [0x00000000eae80000,0x00000000eb013340,0x00000000eb080000)
  to   space 2560K, 0% used [0x00000000eb180000,0x00000000eb180000,0x00000000eb400000)
 ParOldGen       total 148480K, used 128217K [0x00000000c0000000, 0x00000000c9100000, 0x00000000eab00000)
  object space 148480K, 86% used [0x00000000c0000000,0x00000000c7d36678,0x00000000c9100000)
 Metaspace       used 79020K, committed 80384K, reserved 1179648K
  class space    used 8056K, committed 8640K, reserved 1048576K
}
Event: 521.368 GC heap before
{Heap before GC invocations=147 (full 7):
 PSYoungGen      total 5632K, used 5196K [0x00000000eab00000, 0x00000000eb400000, 0x0000000100000000)
  eden space 3584K, 100% used [0x00000000eab00000,0x00000000eae80000,0x00000000eae80000)
  from space 2048K, 78% used [0x00000000eae80000,0x00000000eb013340,0x00000000eb080000)
  to   space 2560K, 0% used [0x00000000eb180000,0x00000000eb180000,0x00000000eb400000)
 ParOldGen       total 148480K, used 128217K [0x00000000c0000000, 0x00000000c9100000, 0x00000000eab00000)
  object space 148480K, 86% used [0x00000000c0000000,0x00000000c7d36678,0x00000000c9100000)
 Metaspace       used 79090K, committed 80448K, reserved 1179648K
  class space    used 8065K, committed 8640K, reserved 1048576K
}
Event: 521.374 GC heap after
{Heap after GC invocations=147 (full 7):
 PSYoungGen      total 6144K, used 2130K [0x00000000eab00000, 0x00000000eb400000, 0x0000000100000000)
  eden space 3584K, 0% used [0x00000000eab00000,0x00000000eab00000,0x00000000eae80000)
  from space 2560K, 83% used [0x00000000eb180000,0x00000000eb394a60,0x00000000eb400000)
  to   space 2560K, 0% used [0x00000000eaf00000,0x00000000eaf00000,0x00000000eb180000)
 ParOldGen       total 148480K, used 128217K [0x00000000c0000000, 0x00000000c9100000, 0x00000000eab00000)
  object space 148480K, 86% used [0x00000000c0000000,0x00000000c7d36678,0x00000000c9100000)
 Metaspace       used 79090K, committed 80448K, reserved 1179648K
  class space    used 8065K, committed 8640K, reserved 1048576K
}
Event: 521.423 GC heap before
{Heap before GC invocations=148 (full 7):
 PSYoungGen      total 6144K, used 5714K [0x00000000eab00000, 0x00000000eb400000, 0x0000000100000000)
  eden space 3584K, 100% used [0x00000000eab00000,0x00000000eae80000,0x00000000eae80000)
  from space 2560K, 83% used [0x00000000eb180000,0x00000000eb394a60,0x00000000eb400000)
  to   space 2560K, 0% used [0x00000000eaf00000,0x00000000eaf00000,0x00000000eb180000)
 ParOldGen       total 148480K, used 128217K [0x00000000c0000000, 0x00000000c9100000, 0x00000000eab00000)
  object space 148480K, 86% used [0x00000000c0000000,0x00000000c7d36678,0x00000000c9100000)
 Metaspace       used 79095K, committed 80448K, reserved 1179648K
  class space    used 8065K, committed 8640K, reserved 1048576K
}
Event: 521.428 GC heap after
{Heap after GC invocations=148 (full 7):
 PSYoungGen      total 6144K, used 2172K [0x00000000eab00000, 0x00000000eb380000, 0x0000000100000000)
  eden space 3584K, 0% used [0x00000000eab00000,0x00000000eab00000,0x00000000eae80000)
  from space 2560K, 84% used [0x00000000eaf00000,0x00000000eb11f370,0x00000000eb180000)
  to   space 2048K, 0% used [0x00000000eb180000,0x00000000eb180000,0x00000000eb380000)
 ParOldGen       total 148480K, used 128217K [0x00000000c0000000, 0x00000000c9100000, 0x00000000eab00000)
  object space 148480K, 86% used [0x00000000c0000000,0x00000000c7d36678,0x00000000c9100000)
 Metaspace       used 79095K, committed 80448K, reserved 1179648K
  class space    used 8065K, committed 8640K, reserved 1048576K
}
Event: 521.473 GC heap before
{Heap before GC invocations=149 (full 7):
 PSYoungGen      total 6144K, used 5756K [0x00000000eab00000, 0x00000000eb380000, 0x0000000100000000)
  eden space 3584K, 100% used [0x00000000eab00000,0x00000000eae80000,0x00000000eae80000)
  from space 2560K, 84% used [0x00000000eaf00000,0x00000000eb11f370,0x00000000eb180000)
  to   space 2048K, 0% used [0x00000000eb180000,0x00000000eb180000,0x00000000eb380000)
 ParOldGen       total 148480K, used 128217K [0x00000000c0000000, 0x00000000c9100000, 0x00000000eab00000)
  object space 148480K, 86% used [0x00000000c0000000,0x00000000c7d36678,0x00000000c9100000)
 Metaspace       used 79099K, committed 80448K, reserved 1179648K
  class space    used 8065K, committed 8640K, reserved 1048576K
}
Event: 521.475 GC heap after
{Heap after GC invocations=149 (full 7):
 PSYoungGen      total 5632K, used 2044K [0x00000000eab00000, 0x00000000eb380000, 0x0000000100000000)
  eden space 3584K, 0% used [0x00000000eab00000,0x00000000eab00000,0x00000000eae80000)
  from space 2048K, 99% used [0x00000000eb180000,0x00000000eb37f370,0x00000000eb380000)
  to   space 2560K, 0% used [0x00000000eae80000,0x00000000eae80000,0x00000000eb100000)
 ParOldGen       total 148480K, used 128369K [0x00000000c0000000, 0x00000000c9100000, 0x00000000eab00000)
  object space 148480K, 86% used [0x00000000c0000000,0x00000000c7d5c6a8,0x00000000c9100000)
 Metaspace       used 79099K, committed 80448K, reserved 1179648K
  class space    used 8065K, committed 8640K, reserved 1048576K
}
Event: 521.520 GC heap before
{Heap before GC invocations=150 (full 7):
 PSYoungGen      total 5632K, used 5628K [0x00000000eab00000, 0x00000000eb380000, 0x0000000100000000)
  eden space 3584K, 100% used [0x00000000eab00000,0x00000000eae80000,0x00000000eae80000)
  from space 2048K, 99% used [0x00000000eb180000,0x00000000eb37f370,0x00000000eb380000)
  to   space 2560K, 0% used [0x00000000eae80000,0x00000000eae80000,0x00000000eb100000)
 ParOldGen       total 148480K, used 128369K [0x00000000c0000000, 0x00000000c9100000, 0x00000000eab00000)
  object space 148480K, 86% used [0x00000000c0000000,0x00000000c7d5c6a8,0x00000000c9100000)
 Metaspace       used 79099K, committed 80448K, reserved 1179648K
  class space    used 8065K, committed 8640K, reserved 1048576K
}
Event: 521.524 GC heap after
{Heap after GC invocations=150 (full 7):
 PSYoungGen      total 6144K, used 2172K [0x00000000eab00000, 0x00000000eb380000, 0x0000000100000000)
  eden space 3584K, 0% used [0x00000000eab00000,0x00000000eab00000,0x00000000eae80000)
  from space 2560K, 84% used [0x00000000eae80000,0x00000000eb09f390,0x00000000eb100000)
  to   space 2560K, 0% used [0x00000000eb100000,0x00000000eb100000,0x00000000eb380000)
 ParOldGen       total 148480K, used 128745K [0x00000000c0000000, 0x00000000c9100000, 0x00000000eab00000)
  object space 148480K, 86% used [0x00000000c0000000,0x00000000c7dba6a8,0x00000000c9100000)
 Metaspace       used 79099K, committed 80448K, reserved 1179648K
  class space    used 8065K, committed 8640K, reserved 1048576K
}
Event: 521.557 GC heap before
{Heap before GC invocations=151 (full 7):
 PSYoungGen      total 6144K, used 5756K [0x00000000eab00000, 0x00000000eb380000, 0x0000000100000000)
  eden space 3584K, 100% used [0x00000000eab00000,0x00000000eae80000,0x00000000eae80000)
  from space 2560K, 84% used [0x00000000eae80000,0x00000000eb09f390,0x00000000eb100000)
  to   space 2560K, 0% used [0x00000000eb100000,0x00000000eb100000,0x00000000eb380000)
 ParOldGen       total 148480K, used 128745K [0x00000000c0000000, 0x00000000c9100000, 0x00000000eab00000)
  object space 148480K, 86% used [0x00000000c0000000,0x00000000c7dba6a8,0x00000000c9100000)
 Metaspace       used 79103K, committed 80448K, reserved 1179648K
  class space    used 8065K, committed 8640K, reserved 1048576K
}
Event: 521.559 GC heap after
{Heap after GC invocations=151 (full 7):
 PSYoungGen      total 6144K, used 2140K [0x00000000eab00000, 0x00000000eb380000, 0x0000000100000000)
  eden space 3584K, 0% used [0x00000000eab00000,0x00000000eab00000,0x00000000eae80000)
  from space 2560K, 83% used [0x00000000eb100000,0x00000000eb3173b0,0x00000000eb380000)
  to   space 2560K, 0% used [0x00000000eae80000,0x00000000eae80000,0x00000000eb100000)
 ParOldGen       total 148480K, used 128753K [0x00000000c0000000, 0x00000000c9100000, 0x00000000eab00000)
  object space 148480K, 86% used [0x00000000c0000000,0x00000000c7dbc6a8,0x00000000c9100000)
 Metaspace       used 79103K, committed 80448K, reserved 1179648K
  class space    used 8065K, committed 8640K, reserved 1048576K
}
Event: 521.610 GC heap before
{Heap before GC invocations=152 (full 7):
 PSYoungGen      total 6144K, used 5724K [0x00000000eab00000, 0x00000000eb380000, 0x0000000100000000)
  eden space 3584K, 100% used [0x00000000eab00000,0x00000000eae80000,0x00000000eae80000)
  from space 2560K, 83% used [0x00000000eb100000,0x00000000eb3173b0,0x00000000eb380000)
  to   space 2560K, 0% used [0x00000000eae80000,0x00000000eae80000,0x00000000eb100000)
 ParOldGen       total 148480K, used 128753K [0x00000000c0000000, 0x00000000c9100000, 0x00000000eab00000)
  object space 148480K, 86% used [0x00000000c0000000,0x00000000c7dbc6a8,0x00000000c9100000)
 Metaspace       used 79105K, committed 80448K, reserved 1179648K
  class space    used 8065K, committed 8640K, reserved 1048576K
}
Event: 521.612 GC heap after
{Heap after GC invocations=152 (full 7):
 PSYoungGen      total 6144K, used 2220K [0x00000000eab00000, 0x00000000eb380000, 0x0000000100000000)
  eden space 3584K, 0% used [0x00000000eab00000,0x00000000eab00000,0x00000000eae80000)
  from space 2560K, 86% used [0x00000000eae80000,0x00000000eb0ab380,0x00000000eb100000)
  to   space 2560K, 0% used [0x00000000eb100000,0x00000000eb100000,0x00000000eb380000)
 ParOldGen       total 148480K, used 128761K [0x00000000c0000000, 0x00000000c9100000, 0x00000000eab00000)
  object space 148480K, 86% used [0x00000000c0000000,0x00000000c7dbe6a8,0x00000000c9100000)
 Metaspace       used 79105K, committed 80448K, reserved 1179648K
  class space    used 8065K, committed 8640K, reserved 1048576K
}

