# JRE version: OpenJDK Runtime Environment Temurin-17.0.10+7 (17.0.10+7) (build 17.0.10+7)
# Java VM: OpenJDK 64-Bit Server VM Temurin-17.0.10+7 (17.0.10+7, mixed mode, tiered, compressed oops, compressed class ptrs, parallel gc, windows-amd64)
GC Precious Log:
 CPUs: 8 total, 8 available
 Memory: 7885M
 Large Page Support: Disabled
 NUMA Support: Disabled
 Compressed Oops: Enabled (32-bit)
 Alignments: Space 512K, Generation 512K, Heap 2M
 Heap Min Capacity: 100M
 Heap Initial Capacity: 100M
 Heap Max Capacity: 1G
 Pre-touch: Disabled
 Parallel Workers: 8
Heap:
 PSYoungGen      total 22016K, used 8958K [0x00000000eab00000, 0x00000000ec480000, 0x0000000100000000)
  eden space 19456K, 34% used [0x00000000eab00000,0x00000000eb19d6d0,0x00000000ebe00000)
  from space 2560K, 85% used [0x00000000ec200000,0x00000000ec422440,0x00000000ec480000)
  to   space 3072K, 0% used [0x00000000ebe80000,0x00000000ebe80000,0x00000000ec180000)
 ParOldGen       total 81408K, used 60725K [0x00000000c0000000, 0x00000000c4f80000, 0x00000000eab00000)
  object space 81408K, 74% used [0x00000000c0000000,0x00000000c3b4d440,0x00000000c4f80000)
 Metaspace       used 70358K, committed 71616K, reserved 1114112K
  class space    used 7334K, committed 7872K, reserved 1048576K
GC Heap History (20 events):
Event: 11.390 GC heap before
{Heap before GC invocations=48 (full 3):
 PSYoungGen      total 20480K, used 20471K [0x00000000eab00000, 0x00000000ec780000, 0x0000000100000000)
  eden space 19456K, 100% used [0x00000000eab00000,0x00000000ebe00000,0x00000000ebe00000)
  from space 1024K, 99% used [0x00000000ec280000,0x00000000ec37dfc8,0x00000000ec380000)
  to   space 4608K, 0% used [0x00000000ebe00000,0x00000000ebe00000,0x00000000ec280000)
 ParOldGen       total 68608K, used 60798K [0x00000000c0000000, 0x00000000c4300000, 0x00000000eab00000)
  object space 68608K, 88% used [0x00000000c0000000,0x00000000c3b5f838,0x00000000c4300000)
 Metaspace       used 67515K, committed 68800K, reserved 1114112K
  class space    used 7081K, committed 7616K, reserved 1048576K
}
Event: 11.393 GC heap after
{Heap after GC invocations=48 (full 3):
 PSYoungGen      total 20992K, used 1536K [0x00000000eab00000, 0x00000000ec300000, 0x0000000100000000)
  eden space 19456K, 0% used [0x00000000eab00000,0x00000000eab00000,0x00000000ebe00000)
  from space 1536K, 100% used [0x00000000ebe00000,0x00000000ebf80000,0x00000000ebf80000)
  to   space 2560K, 0% used [0x00000000ec080000,0x00000000ec080000,0x00000000ec300000)
 ParOldGen       total 68608K, used 61783K [0x00000000c0000000, 0x00000000c4300000, 0x00000000eab00000)
  object space 68608K, 90% used [0x00000000c0000000,0x00000000c3c55f18,0x00000000c4300000)
 Metaspace       used 67515K, committed 68800K, reserved 1114112K
  class space    used 7081K, committed 7616K, reserved 1048576K
}
Event: 11.667 GC heap before
{Heap before GC invocations=49 (full 3):
 PSYoungGen      total 20992K, used 20992K [0x00000000eab00000, 0x00000000ec300000, 0x0000000100000000)
  eden space 19456K, 100% used [0x00000000eab00000,0x00000000ebe00000,0x00000000ebe00000)
  from space 1536K, 100% used [0x00000000ebe00000,0x00000000ebf80000,0x00000000ebf80000)
  to   space 2560K, 0% used [0x00000000ec080000,0x00000000ec080000,0x00000000ec300000)
 ParOldGen       total 68608K, used 61783K [0x00000000c0000000, 0x00000000c4300000, 0x00000000eab00000)
  object space 68608K, 90% used [0x00000000c0000000,0x00000000c3c55f18,0x00000000c4300000)
 Metaspace       used 68245K, committed 69504K, reserved 1114112K
  class space    used 7130K, committed 7680K, reserved 1048576K
}
Event: 11.670 GC heap after
{Heap after GC invocations=49 (full 3):
 PSYoungGen      total 20992K, used 1456K [0x00000000eab00000, 0x00000000ec200000, 0x0000000100000000)
  eden space 19456K, 0% used [0x00000000eab00000,0x00000000eab00000,0x00000000ebe00000)
  from space 1536K, 94% used [0x00000000ec080000,0x00000000ec1ec010,0x00000000ec200000)
  to   space 2048K, 0% used [0x00000000ebe00000,0x00000000ebe00000,0x00000000ec000000)
 ParOldGen       total 68608K, used 63194K [0x00000000c0000000, 0x00000000c4300000, 0x00000000eab00000)
  object space 68608K, 92% used [0x00000000c0000000,0x00000000c3db6a58,0x00000000c4300000)
 Metaspace       used 68245K, committed 69504K, reserved 1114112K
  class space    used 7130K, committed 7680K, reserved 1048576K
}
Event: 11.847 GC heap before
{Heap before GC invocations=50 (full 3):
 PSYoungGen      total 20992K, used 20912K [0x00000000eab00000, 0x00000000ec200000, 0x0000000100000000)
  eden space 19456K, 100% used [0x00000000eab00000,0x00000000ebe00000,0x00000000ebe00000)
  from space 1536K, 94% used [0x00000000ec080000,0x00000000ec1ec010,0x00000000ec200000)
  to   space 2048K, 0% used [0x00000000ebe00000,0x00000000ebe00000,0x00000000ec000000)
 ParOldGen       total 68608K, used 63194K [0x00000000c0000000, 0x00000000c4300000, 0x00000000eab00000)
  object space 68608K, 92% used [0x00000000c0000000,0x00000000c3db6a58,0x00000000c4300000)
 Metaspace       used 68977K, committed 70208K, reserved 1114112K
  class space    used 7165K, committed 7680K, reserved 1048576K
}
Event: 11.849 GC heap after
{Heap after GC invocations=50 (full 3):
 PSYoungGen      total 21504K, used 1600K [0x00000000eab00000, 0x00000000ec200000, 0x0000000100000000)
  eden space 19456K, 0% used [0x00000000eab00000,0x00000000eab00000,0x00000000ebe00000)
  from space 2048K, 78% used [0x00000000ebe00000,0x00000000ebf90020,0x00000000ec000000)
  to   space 2048K, 0% used [0x00000000ec000000,0x00000000ec000000,0x00000000ec200000)
 ParOldGen       total 68608K, used 64464K [0x00000000c0000000, 0x00000000c4300000, 0x00000000eab00000)
  object space 68608K, 93% used [0x00000000c0000000,0x00000000c3ef4110,0x00000000c4300000)
 Metaspace       used 68977K, committed 70208K, reserved 1114112K
  class space    used 7165K, committed 7680K, reserved 1048576K
}
Event: 11.879 GC heap before
{Heap before GC invocations=51 (full 3):
 PSYoungGen      total 21504K, used 21056K [0x00000000eab00000, 0x00000000ec200000, 0x0000000100000000)
  eden space 19456K, 100% used [0x00000000eab00000,0x00000000ebe00000,0x00000000ebe00000)
  from space 2048K, 78% used [0x00000000ebe00000,0x00000000ebf90020,0x00000000ec000000)
  to   space 2048K, 0% used [0x00000000ec000000,0x00000000ec000000,0x00000000ec200000)
 ParOldGen       total 68608K, used 64464K [0x00000000c0000000, 0x00000000c4300000, 0x00000000eab00000)
  object space 68608K, 93% used [0x00000000c0000000,0x00000000c3ef4110,0x00000000c4300000)
 Metaspace       used 68995K, committed 70208K, reserved 1114112K
  class space    used 7165K, committed 7680K, reserved 1048576K
}
Event: 11.881 GC heap after
{Heap after GC invocations=51 (full 3):
 PSYoungGen      total 19968K, used 384K [0x00000000eab00000, 0x00000000ec080000, 0x0000000100000000)
  eden space 19456K, 0% used [0x00000000eab00000,0x00000000eab00000,0x00000000ebe00000)
  from space 512K, 75% used [0x00000000ec000000,0x00000000ec060000,0x00000000ec080000)
  to   space 1024K, 0% used [0x00000000ebe80000,0x00000000ebe80000,0x00000000ebf80000)
 ParOldGen       total 68608K, used 65825K [0x00000000c0000000, 0x00000000c4300000, 0x00000000eab00000)
  object space 68608K, 95% used [0x00000000c0000000,0x00000000c4048650,0x00000000c4300000)
 Metaspace       used 68995K, committed 70208K, reserved 1114112K
  class space    used 7165K, committed 7680K, reserved 1048576K
}
Event: 11.968 GC heap before
{Heap before GC invocations=52 (full 3):
 PSYoungGen      total 19968K, used 19840K [0x00000000eab00000, 0x00000000ec080000, 0x0000000100000000)
  eden space 19456K, 100% used [0x00000000eab00000,0x00000000ebe00000,0x00000000ebe00000)
  from space 512K, 75% used [0x00000000ec000000,0x00000000ec060000,0x00000000ec080000)
  to   space 1024K, 0% used [0x00000000ebe80000,0x00000000ebe80000,0x00000000ebf80000)
 ParOldGen       total 68608K, used 65825K [0x00000000c0000000, 0x00000000c4300000, 0x00000000eab00000)
  object space 68608K, 95% used [0x00000000c0000000,0x00000000c4048650,0x00000000c4300000)
 Metaspace       used 69276K, committed 70528K, reserved 1114112K
  class space    used 7218K, committed 7744K, reserved 1048576K
}
Event: 11.970 GC heap after
{Heap after GC invocations=52 (full 3):
 PSYoungGen      total 20480K, used 1013K [0x00000000eab00000, 0x00000000ec500000, 0x0000000100000000)
  eden space 19456K, 0% used [0x00000000eab00000,0x00000000eab00000,0x00000000ebe00000)
  from space 1024K, 98% used [0x00000000ebe80000,0x00000000ebf7d440,0x00000000ebf80000)
  to   space 3584K, 0% used [0x00000000ec180000,0x00000000ec180000,0x00000000ec500000)
 ParOldGen       total 68608K, used 67809K [0x00000000c0000000, 0x00000000c4300000, 0x00000000eab00000)
  object space 68608K, 98% used [0x00000000c0000000,0x00000000c4238570,0x00000000c4300000)
 Metaspace       used 69276K, committed 70528K, reserved 1114112K
  class space    used 7218K, committed 7744K, reserved 1048576K
}
Event: 11.970 GC heap before
{Heap before GC invocations=53 (full 4):
 PSYoungGen      total 20480K, used 1013K [0x00000000eab00000, 0x00000000ec500000, 0x0000000100000000)
  eden space 19456K, 0% used [0x00000000eab00000,0x00000000eab00000,0x00000000ebe00000)
  from space 1024K, 98% used [0x00000000ebe80000,0x00000000ebf7d440,0x00000000ebf80000)
  to   space 3584K, 0% used [0x00000000ec180000,0x00000000ec180000,0x00000000ec500000)
 ParOldGen       total 68608K, used 67809K [0x00000000c0000000, 0x00000000c4300000, 0x00000000eab00000)
  object space 68608K, 98% used [0x00000000c0000000,0x00000000c4238570,0x00000000c4300000)
 Metaspace       used 69276K, committed 70528K, reserved 1114112K
  class space    used 7218K, committed 7744K, reserved 1048576K
}
Event: 12.035 GC heap after
{Heap after GC invocations=53 (full 4):
 PSYoungGen      total 23040K, used 0K [0x00000000eab00000, 0x00000000ec500000, 0x0000000100000000)
  eden space 19456K, 0% used [0x00000000eab00000,0x00000000eab00000,0x00000000ebe00000)
  from space 3584K, 0% used [0x00000000ec180000,0x00000000ec180000,0x00000000ec500000)
  to   space 3584K, 0% used [0x00000000ebe00000,0x00000000ebe00000,0x00000000ec180000)
 ParOldGen       total 81408K, used 54004K [0x00000000c0000000, 0x00000000c4f80000, 0x00000000eab00000)
  object space 81408K, 66% used [0x00000000c0000000,0x00000000c34bd268,0x00000000c4f80000)
 Metaspace       used 69276K, committed 70528K, reserved 1114112K
  class space    used 7218K, committed 7744K, reserved 1048576K
}
Event: 12.126 GC heap before
{Heap before GC invocations=54 (full 4):
 PSYoungGen      total 23040K, used 19456K [0x00000000eab00000, 0x00000000ec500000, 0x0000000100000000)
  eden space 19456K, 100% used [0x00000000eab00000,0x00000000ebe00000,0x00000000ebe00000)
  from space 3584K, 0% used [0x00000000ec180000,0x00000000ec180000,0x00000000ec500000)
  to   space 3584K, 0% used [0x00000000ebe00000,0x00000000ebe00000,0x00000000ec180000)
 ParOldGen       total 81408K, used 54004K [0x00000000c0000000, 0x00000000c4f80000, 0x00000000eab00000)
  object space 81408K, 66% used [0x00000000c0000000,0x00000000c34bd280,0x00000000c4f80000)
 Metaspace       used 69536K, committed 70784K, reserved 1114112K
  class space    used 7238K, committed 7744K, reserved 1048576K
}
Event: 12.127 GC heap after
{Heap after GC invocations=54 (full 4):
 PSYoungGen      total 23040K, used 3085K [0x00000000eab00000, 0x00000000ec500000, 0x0000000100000000)
  eden space 19456K, 0% used [0x00000000eab00000,0x00000000eab00000,0x00000000ebe00000)
  from space 3584K, 86% used [0x00000000ebe00000,0x00000000ec103408,0x00000000ec180000)
  to   space 3584K, 0% used [0x00000000ec180000,0x00000000ec180000,0x00000000ec500000)
 ParOldGen       total 81408K, used 54012K [0x00000000c0000000, 0x00000000c4f80000, 0x00000000eab00000)
  object space 81408K, 66% used [0x00000000c0000000,0x00000000c34bf280,0x00000000c4f80000)
 Metaspace       used 69536K, committed 70784K, reserved 1114112K
  class space    used 7238K, committed 7744K, reserved 1048576K
}
Event: 12.176 GC heap before
{Heap before GC invocations=55 (full 4):
 PSYoungGen      total 23040K, used 22541K [0x00000000eab00000, 0x00000000ec500000, 0x0000000100000000)
  eden space 19456K, 100% used [0x00000000eab00000,0x00000000ebe00000,0x00000000ebe00000)
  from space 3584K, 86% used [0x00000000ebe00000,0x00000000ec103408,0x00000000ec180000)
  to   space 3584K, 0% used [0x00000000ec180000,0x00000000ec180000,0x00000000ec500000)
 ParOldGen       total 81408K, used 54015K [0x00000000c0000000, 0x00000000c4f80000, 0x00000000eab00000)
  object space 81408K, 66% used [0x00000000c0000000,0x00000000c34bff30,0x00000000c4f80000)
 Metaspace       used 69549K, committed 70784K, reserved 1114112K
  class space    used 7238K, committed 7744K, reserved 1048576K
}
Event: 12.179 GC heap after
{Heap after GC invocations=55 (full 4):
 PSYoungGen      total 20992K, used 1408K [0x00000000eab00000, 0x00000000ec300000, 0x0000000100000000)
  eden space 19456K, 0% used [0x00000000eab00000,0x00000000eab00000,0x00000000ebe00000)
  from space 1536K, 91% used [0x00000000ec180000,0x00000000ec2e0000,0x00000000ec300000)
  to   space 2048K, 0% used [0x00000000ebf00000,0x00000000ebf00000,0x00000000ec100000)
 ParOldGen       total 81408K, used 57021K [0x00000000c0000000, 0x00000000c4f80000, 0x00000000eab00000)
  object space 81408K, 70% used [0x00000000c0000000,0x00000000c37af440,0x00000000c4f80000)
 Metaspace       used 69549K, committed 70784K, reserved 1114112K
  class space    used 7238K, committed 7744K, reserved 1048576K
}
Event: 12.263 GC heap before
{Heap before GC invocations=56 (full 4):
 PSYoungGen      total 20992K, used 20864K [0x00000000eab00000, 0x00000000ec300000, 0x0000000100000000)
  eden space 19456K, 100% used [0x00000000eab00000,0x00000000ebe00000,0x00000000ebe00000)
  from space 1536K, 91% used [0x00000000ec180000,0x00000000ec2e0000,0x00000000ec300000)
  to   space 2048K, 0% used [0x00000000ebf00000,0x00000000ebf00000,0x00000000ec100000)
 ParOldGen       total 81408K, used 57021K [0x00000000c0000000, 0x00000000c4f80000, 0x00000000eab00000)
  object space 81408K, 70% used [0x00000000c0000000,0x00000000c37af440,0x00000000c4f80000)
 Metaspace       used 69566K, committed 70784K, reserved 1114112K
  class space    used 7238K, committed 7744K, reserved 1048576K
}
Event: 12.265 GC heap after
{Heap after GC invocations=56 (full 4):
 PSYoungGen      total 21504K, used 2048K [0x00000000eab00000, 0x00000000ec600000, 0x0000000100000000)
  eden space 19456K, 0% used [0x00000000eab00000,0x00000000eab00000,0x00000000ebe00000)
  from space 2048K, 100% used [0x00000000ebf00000,0x00000000ec100000,0x00000000ec100000)
  to   space 4096K, 0% used [0x00000000ec200000,0x00000000ec200000,0x00000000ec600000)
 ParOldGen       total 81408K, used 58637K [0x00000000c0000000, 0x00000000c4f80000, 0x00000000eab00000)
  object space 81408K, 72% used [0x00000000c0000000,0x00000000c3943440,0x00000000c4f80000)
 Metaspace       used 69566K, committed 70784K, reserved 1114112K
  class space    used 7238K, committed 7744K, reserved 1048576K
}
Event: 12.431 GC heap before
{Heap before GC invocations=57 (full 4):
 PSYoungGen      total 21504K, used 21504K [0x00000000eab00000, 0x00000000ec600000, 0x0000000100000000)
  eden space 19456K, 100% used [0x00000000eab00000,0x00000000ebe00000,0x00000000ebe00000)
  from space 2048K, 100% used [0x00000000ebf00000,0x00000000ec100000,0x00000000ec100000)
  to   space 4096K, 0% used [0x00000000ec200000,0x00000000ec200000,0x00000000ec600000)
 ParOldGen       total 81408K, used 58637K [0x00000000c0000000, 0x00000000c4f80000, 0x00000000eab00000)
  object space 81408K, 72% used [0x00000000c0000000,0x00000000c3943440,0x00000000c4f80000)
 Metaspace       used 70285K, committed 71616K, reserved 1114112K
  class space    used 7328K, committed 7872K, reserved 1048576K
}
Event: 12.435 GC heap after
{Heap after GC invocations=57 (full 4):
 PSYoungGen      total 22016K, used 2185K [0x00000000eab00000, 0x00000000ec480000, 0x0000000100000000)
  eden space 19456K, 0% used [0x00000000eab00000,0x00000000eab00000,0x00000000ebe00000)
  from space 2560K, 85% used [0x00000000ec200000,0x00000000ec422440,0x00000000ec480000)
  to   space 3072K, 0% used [0x00000000ebe80000,0x00000000ebe80000,0x00000000ec180000)
 ParOldGen       total 81408K, used 60725K [0x00000000c0000000, 0x00000000c4f80000, 0x00000000eab00000)
  object space 81408K, 74% used [0x00000000c0000000,0x00000000c3b4d440,0x00000000c4f80000)
 Metaspace       used 70285K, committed 71616K, reserved 1114112K
  class space    used 7328K, committed 7872K, reserved 1048576K
}

