# JRE version: OpenJDK Runtime Environment Temurin-17.0.10+7 (17.0.10+7) (build 17.0.10+7)
# Java VM: OpenJDK 64-Bit Server VM Temurin-17.0.10+7 (17.0.10+7, mixed mode, tiered, compressed oops, compressed class ptrs, parallel gc, windows-amd64)
GC Precious Log:
 CPUs: 8 total, 8 available
 Memory: 7885M
 Large Page Support: Disabled
 NUMA Support: Disabled
 Compressed Oops: Enabled (32-bit)
 Alignments: Space 512K, Generation 512K, Heap 2M
 Heap Min Capacity: 100M
 Heap Initial Capacity: 100M
 Heap Max Capacity: 1G
 Pre-touch: Disabled
 Parallel Workers: 8
Heap:
 PSYoungGen      total 19456K, used 19264K [0x00000000eab00000, 0x00000000ec080000, 0x0000000100000000)
  eden space 17920K, 100% used [0x00000000eab00000,0x00000000ebc80000,0x00000000ebc80000)
  from space 1536K, 87% used [0x00000000ebf00000,0x00000000ec050040,0x00000000ec080000)
  to   space 1536K, 78% used [0x00000000ebd80000,0x00000000ebeb67f0,0x00000000ebf00000)
 ParOldGen       total 91136K, used 70690K [0x00000000c0000000, 0x00000000c5900000, 0x00000000eab00000)
  object space 91136K, 77% used [0x00000000c0000000,0x00000000c4508a00,0x00000000c5900000)
 Metaspace       used 70449K, committed 71680K, reserved 1114112K
  class space    used 7430K, committed 7936K, reserved 1048576K
GC Heap History (20 events):
Event: 8.962 GC heap before
{Heap before GC invocations=54 (full 4):
 PSYoungGen      total 19456K, used 19185K [0x00000000eab00000, 0x00000000ec000000, 0x0000000100000000)
  eden space 18432K, 100% used [0x00000000eab00000,0x00000000ebd00000,0x00000000ebd00000)
  from space 1024K, 73% used [0x00000000ebf00000,0x00000000ebfbc6d0,0x00000000ec000000)
  to   space 1536K, 0% used [0x00000000ebd00000,0x00000000ebd00000,0x00000000ebe80000)
 ParOldGen       total 91136K, used 63895K [0x00000000c0000000, 0x00000000c5900000, 0x00000000eab00000)
  object space 91136K, 70% used [0x00000000c0000000,0x00000000c3e65e98,0x00000000c5900000)
 Metaspace       used 66970K, committed 68160K, reserved 1114112K
  class space    used 7106K, committed 7616K, reserved 1048576K
}
Event: 8.963 GC heap after
{Heap after GC invocations=54 (full 4):
 PSYoungGen      total 19968K, used 1424K [0x00000000eab00000, 0x00000000ec100000, 0x0000000100000000)
  eden space 18432K, 0% used [0x00000000eab00000,0x00000000eab00000,0x00000000ebd00000)
  from space 1536K, 92% used [0x00000000ebd00000,0x00000000ebe64050,0x00000000ebe80000)
  to   space 2048K, 0% used [0x00000000ebf00000,0x00000000ebf00000,0x00000000ec100000)
 ParOldGen       total 91136K, used 63903K [0x00000000c0000000, 0x00000000c5900000, 0x00000000eab00000)
  object space 91136K, 70% used [0x00000000c0000000,0x00000000c3e67e98,0x00000000c5900000)
 Metaspace       used 66970K, committed 68160K, reserved 1114112K
  class space    used 7106K, committed 7616K, reserved 1048576K
}
Event: 9.013 GC heap before
{Heap before GC invocations=55 (full 4):
 PSYoungGen      total 19968K, used 19856K [0x00000000eab00000, 0x00000000ec100000, 0x0000000100000000)
  eden space 18432K, 100% used [0x00000000eab00000,0x00000000ebd00000,0x00000000ebd00000)
  from space 1536K, 92% used [0x00000000ebd00000,0x00000000ebe64050,0x00000000ebe80000)
  to   space 2048K, 0% used [0x00000000ebf00000,0x00000000ebf00000,0x00000000ec100000)
 ParOldGen       total 91136K, used 63903K [0x00000000c0000000, 0x00000000c5900000, 0x00000000eab00000)
  object space 91136K, 70% used [0x00000000c0000000,0x00000000c3e67e98,0x00000000c5900000)
 Metaspace       used 67046K, committed 68224K, reserved 1114112K
  class space    used 7107K, committed 7616K, reserved 1048576K
}
Event: 9.015 GC heap after
{Heap after GC invocations=55 (full 4):
 PSYoungGen      total 19968K, used 2032K [0x00000000eab00000, 0x00000000ec200000, 0x0000000100000000)
  eden space 17920K, 0% used [0x00000000eab00000,0x00000000eab00000,0x00000000ebc80000)
  from space 2048K, 99% used [0x00000000ebf00000,0x00000000ec0fc090,0x00000000ec100000)
  to   space 2560K, 0% used [0x00000000ebc80000,0x00000000ebc80000,0x00000000ebf00000)
 ParOldGen       total 91136K, used 63948K [0x00000000c0000000, 0x00000000c5900000, 0x00000000eab00000)
  object space 91136K, 70% used [0x00000000c0000000,0x00000000c3e73110,0x00000000c5900000)
 Metaspace       used 67046K, committed 68224K, reserved 1114112K
  class space    used 7107K, committed 7616K, reserved 1048576K
}
Event: 9.084 GC heap before
{Heap before GC invocations=56 (full 4):
 PSYoungGen      total 19968K, used 19952K [0x00000000eab00000, 0x00000000ec200000, 0x0000000100000000)
  eden space 17920K, 100% used [0x00000000eab00000,0x00000000ebc80000,0x00000000ebc80000)
  from space 2048K, 99% used [0x00000000ebf00000,0x00000000ec0fc090,0x00000000ec100000)
  to   space 2560K, 0% used [0x00000000ebc80000,0x00000000ebc80000,0x00000000ebf00000)
 ParOldGen       total 91136K, used 63948K [0x00000000c0000000, 0x00000000c5900000, 0x00000000eab00000)
  object space 91136K, 70% used [0x00000000c0000000,0x00000000c3e73110,0x00000000c5900000)
 Metaspace       used 67468K, committed 68672K, reserved 1114112K
  class space    used 7149K, committed 7616K, reserved 1048576K
}
Event: 9.086 GC heap after
{Heap after GC invocations=56 (full 4):
 PSYoungGen      total 20480K, used 2539K [0x00000000eab00000, 0x00000000ec580000, 0x0000000100000000)
  eden space 17920K, 0% used [0x00000000eab00000,0x00000000eab00000,0x00000000ebc80000)
  from space 2560K, 99% used [0x00000000ebc80000,0x00000000ebefac28,0x00000000ebf00000)
  to   space 4608K, 0% used [0x00000000ec100000,0x00000000ec100000,0x00000000ec580000)
 ParOldGen       total 91136K, used 65244K [0x00000000c0000000, 0x00000000c5900000, 0x00000000eab00000)
  object space 91136K, 71% used [0x00000000c0000000,0x00000000c3fb71b0,0x00000000c5900000)
 Metaspace       used 67468K, committed 68672K, reserved 1114112K
  class space    used 7149K, committed 7616K, reserved 1048576K
}
Event: 9.132 GC heap before
{Heap before GC invocations=57 (full 4):
 PSYoungGen      total 20480K, used 20459K [0x00000000eab00000, 0x00000000ec580000, 0x0000000100000000)
  eden space 17920K, 100% used [0x00000000eab00000,0x00000000ebc80000,0x00000000ebc80000)
  from space 2560K, 99% used [0x00000000ebc80000,0x00000000ebefac28,0x00000000ebf00000)
  to   space 4608K, 0% used [0x00000000ec100000,0x00000000ec100000,0x00000000ec580000)
 ParOldGen       total 91136K, used 65244K [0x00000000c0000000, 0x00000000c5900000, 0x00000000eab00000)
  object space 91136K, 71% used [0x00000000c0000000,0x00000000c3fb71b0,0x00000000c5900000)
 Metaspace       used 67703K, committed 68928K, reserved 1114112K
  class space    used 7168K, committed 7680K, reserved 1048576K
}
Event: 9.135 GC heap after
{Heap after GC invocations=57 (full 4):
 PSYoungGen      total 19456K, used 1103K [0x00000000eab00000, 0x00000000ec280000, 0x0000000100000000)
  eden space 17920K, 0% used [0x00000000eab00000,0x00000000eab00000,0x00000000ebc80000)
  from space 1536K, 71% used [0x00000000ec100000,0x00000000ec213cc0,0x00000000ec280000)
  to   space 2560K, 0% used [0x00000000ebd80000,0x00000000ebd80000,0x00000000ec000000)
 ParOldGen       total 91136K, used 67084K [0x00000000c0000000, 0x00000000c5900000, 0x00000000eab00000)
  object space 91136K, 73% used [0x00000000c0000000,0x00000000c41831f8,0x00000000c5900000)
 Metaspace       used 67703K, committed 68928K, reserved 1114112K
  class space    used 7168K, committed 7680K, reserved 1048576K
}
Event: 9.166 GC heap before
{Heap before GC invocations=58 (full 4):
 PSYoungGen      total 19456K, used 19023K [0x00000000eab00000, 0x00000000ec280000, 0x0000000100000000)
  eden space 17920K, 100% used [0x00000000eab00000,0x00000000ebc80000,0x00000000ebc80000)
  from space 1536K, 71% used [0x00000000ec100000,0x00000000ec213cc0,0x00000000ec280000)
  to   space 2560K, 0% used [0x00000000ebd80000,0x00000000ebd80000,0x00000000ec000000)
 ParOldGen       total 91136K, used 67084K [0x00000000c0000000, 0x00000000c5900000, 0x00000000eab00000)
  object space 91136K, 73% used [0x00000000c0000000,0x00000000c41831f8,0x00000000c5900000)
 Metaspace       used 67815K, committed 69056K, reserved 1114112K
  class space    used 7177K, committed 7680K, reserved 1048576K
}
Event: 9.168 GC heap after
{Heap after GC invocations=58 (full 4):
 PSYoungGen      total 19456K, used 1509K [0x00000000eab00000, 0x00000000ec180000, 0x0000000100000000)
  eden space 17920K, 0% used [0x00000000eab00000,0x00000000eab00000,0x00000000ebc80000)
  from space 1536K, 98% used [0x00000000ebd80000,0x00000000ebef9538,0x00000000ebf00000)
  to   space 2048K, 0% used [0x00000000ebf80000,0x00000000ebf80000,0x00000000ec180000)
 ParOldGen       total 91136K, used 67084K [0x00000000c0000000, 0x00000000c5900000, 0x00000000eab00000)
  object space 91136K, 73% used [0x00000000c0000000,0x00000000c41831f8,0x00000000c5900000)
 Metaspace       used 67815K, committed 69056K, reserved 1114112K
  class space    used 7177K, committed 7680K, reserved 1048576K
}
Event: 9.203 GC heap before
{Heap before GC invocations=59 (full 4):
 PSYoungGen      total 19456K, used 19429K [0x00000000eab00000, 0x00000000ec180000, 0x0000000100000000)
  eden space 17920K, 100% used [0x00000000eab00000,0x00000000ebc80000,0x00000000ebc80000)
  from space 1536K, 98% used [0x00000000ebd80000,0x00000000ebef9538,0x00000000ebf00000)
  to   space 2048K, 0% used [0x00000000ebf80000,0x00000000ebf80000,0x00000000ec180000)
 ParOldGen       total 91136K, used 67084K [0x00000000c0000000, 0x00000000c5900000, 0x00000000eab00000)
  object space 91136K, 73% used [0x00000000c0000000,0x00000000c41831f8,0x00000000c5900000)
 Metaspace       used 67986K, committed 69184K, reserved 1114112K
  class space    used 7194K, committed 7680K, reserved 1048576K
}
Event: 9.205 GC heap after
{Heap after GC invocations=59 (full 4):
 PSYoungGen      total 19456K, used 1335K [0x00000000eab00000, 0x00000000ec100000, 0x0000000100000000)
  eden space 17920K, 0% used [0x00000000eab00000,0x00000000eab00000,0x00000000ebc80000)
  from space 1536K, 86% used [0x00000000ebf80000,0x00000000ec0cde30,0x00000000ec100000)
  to   space 1536K, 0% used [0x00000000ebd80000,0x00000000ebd80000,0x00000000ebf00000)
 ParOldGen       total 91136K, used 67821K [0x00000000c0000000, 0x00000000c5900000, 0x00000000eab00000)
  object space 91136K, 74% used [0x00000000c0000000,0x00000000c423b668,0x00000000c5900000)
 Metaspace       used 67986K, committed 69184K, reserved 1114112K
  class space    used 7194K, committed 7680K, reserved 1048576K
}
Event: 9.269 GC heap before
{Heap before GC invocations=60 (full 4):
 PSYoungGen      total 19456K, used 19241K [0x00000000eab00000, 0x00000000ec100000, 0x0000000100000000)
  eden space 17920K, 99% used [0x00000000eab00000,0x00000000ebc7c700,0x00000000ebc80000)
  from space 1536K, 86% used [0x00000000ebf80000,0x00000000ec0cde30,0x00000000ec100000)
  to   space 1536K, 0% used [0x00000000ebd80000,0x00000000ebd80000,0x00000000ebf00000)
 ParOldGen       total 91136K, used 67821K [0x00000000c0000000, 0x00000000c5900000, 0x00000000eab00000)
  object space 91136K, 74% used [0x00000000c0000000,0x00000000c423b668,0x00000000c5900000)
 Metaspace       used 69100K, committed 70336K, reserved 1114112K
  class space    used 7299K, committed 7808K, reserved 1048576K
}
Event: 9.270 GC heap after
{Heap after GC invocations=60 (full 4):
 PSYoungGen      total 19456K, used 652K [0x00000000eab00000, 0x00000000ec000000, 0x0000000100000000)
  eden space 17920K, 0% used [0x00000000eab00000,0x00000000eab00000,0x00000000ebc80000)
  from space 1536K, 42% used [0x00000000ebd80000,0x00000000ebe231f8,0x00000000ebf00000)
  to   space 1024K, 0% used [0x00000000ebf00000,0x00000000ebf00000,0x00000000ec000000)
 ParOldGen       total 91136K, used 68299K [0x00000000c0000000, 0x00000000c5900000, 0x00000000eab00000)
  object space 91136K, 74% used [0x00000000c0000000,0x00000000c42b2d90,0x00000000c5900000)
 Metaspace       used 69100K, committed 70336K, reserved 1114112K
  class space    used 7299K, committed 7808K, reserved 1048576K
}
Event: 9.339 GC heap before
{Heap before GC invocations=61 (full 4):
 PSYoungGen      total 19456K, used 18572K [0x00000000eab00000, 0x00000000ec000000, 0x0000000100000000)
  eden space 17920K, 100% used [0x00000000eab00000,0x00000000ebc80000,0x00000000ebc80000)
  from space 1536K, 42% used [0x00000000ebd80000,0x00000000ebe231f8,0x00000000ebf00000)
  to   space 1024K, 0% used [0x00000000ebf00000,0x00000000ebf00000,0x00000000ec000000)
 ParOldGen       total 91136K, used 68299K [0x00000000c0000000, 0x00000000c5900000, 0x00000000eab00000)
  object space 91136K, 74% used [0x00000000c0000000,0x00000000c42b2d90,0x00000000c5900000)
 Metaspace       used 69336K, committed 70528K, reserved 1114112K
  class space    used 7319K, committed 7808K, reserved 1048576K
}
Event: 9.341 GC heap after
{Heap after GC invocations=61 (full 4):
 PSYoungGen      total 18944K, used 960K [0x00000000eab00000, 0x00000000ec000000, 0x0000000100000000)
  eden space 17920K, 0% used [0x00000000eab00000,0x00000000eab00000,0x00000000ebc80000)
  from space 1024K, 93% used [0x00000000ebf00000,0x00000000ebff0000,0x00000000ec000000)
  to   space 1024K, 0% used [0x00000000ebe00000,0x00000000ebe00000,0x00000000ebf00000)
 ParOldGen       total 91136K, used 68819K [0x00000000c0000000, 0x00000000c5900000, 0x00000000eab00000)
  object space 91136K, 75% used [0x00000000c0000000,0x00000000c4334e70,0x00000000c5900000)
 Metaspace       used 69336K, committed 70528K, reserved 1114112K
  class space    used 7319K, committed 7808K, reserved 1048576K
}
Event: 9.551 GC heap before
{Heap before GC invocations=62 (full 4):
 PSYoungGen      total 18944K, used 18880K [0x00000000eab00000, 0x00000000ec000000, 0x0000000100000000)
  eden space 17920K, 100% used [0x00000000eab00000,0x00000000ebc80000,0x00000000ebc80000)
  from space 1024K, 93% used [0x00000000ebf00000,0x00000000ebff0000,0x00000000ec000000)
  to   space 1024K, 0% used [0x00000000ebe00000,0x00000000ebe00000,0x00000000ebf00000)
 ParOldGen       total 91136K, used 68819K [0x00000000c0000000, 0x00000000c5900000, 0x00000000eab00000)
  object space 91136K, 75% used [0x00000000c0000000,0x00000000c4334e70,0x00000000c5900000)
 Metaspace       used 69812K, committed 71104K, reserved 1114112K
  class space    used 7367K, committed 7872K, reserved 1048576K
}
Event: 9.557 GC heap after
{Heap after GC invocations=62 (full 4):
 PSYoungGen      total 18944K, used 1024K [0x00000000eab00000, 0x00000000ec080000, 0x0000000100000000)
  eden space 17920K, 0% used [0x00000000eab00000,0x00000000eab00000,0x00000000ebc80000)
  from space 1024K, 100% used [0x00000000ebe00000,0x00000000ebf00000,0x00000000ebf00000)
  to   space 1536K, 0% used [0x00000000ebf00000,0x00000000ebf00000,0x00000000ec080000)
 ParOldGen       total 91136K, used 69662K [0x00000000c0000000, 0x00000000c5900000, 0x00000000eab00000)
  object space 91136K, 76% used [0x00000000c0000000,0x00000000c4407830,0x00000000c5900000)
 Metaspace       used 69812K, committed 71104K, reserved 1114112K
  class space    used 7367K, committed 7872K, reserved 1048576K
}
Event: 9.821 GC heap before
{Heap before GC invocations=63 (full 4):
 PSYoungGen      total 18944K, used 18944K [0x00000000eab00000, 0x00000000ec080000, 0x0000000100000000)
  eden space 17920K, 100% used [0x00000000eab00000,0x00000000ebc80000,0x00000000ebc80000)
  from space 1024K, 100% used [0x00000000ebe00000,0x00000000ebf00000,0x00000000ebf00000)
  to   space 1536K, 0% used [0x00000000ebf00000,0x00000000ebf00000,0x00000000ec080000)
 ParOldGen       total 91136K, used 69662K [0x00000000c0000000, 0x00000000c5900000, 0x00000000eab00000)
  object space 91136K, 76% used [0x00000000c0000000,0x00000000c4407830,0x00000000c5900000)
 Metaspace       used 70075K, committed 71296K, reserved 1114112K
  class space    used 7393K, committed 7872K, reserved 1048576K
}
Event: 9.827 GC heap after
{Heap after GC invocations=63 (full 4):
 PSYoungGen      total 19456K, used 1344K [0x00000000eab00000, 0x00000000ec080000, 0x0000000100000000)
  eden space 17920K, 0% used [0x00000000eab00000,0x00000000eab00000,0x00000000ebc80000)
  from space 1536K, 87% used [0x00000000ebf00000,0x00000000ec050040,0x00000000ec080000)
  to   space 1536K, 0% used [0x00000000ebd80000,0x00000000ebd80000,0x00000000ebf00000)
 ParOldGen       total 91136K, used 70690K [0x00000000c0000000, 0x00000000c5900000, 0x00000000eab00000)
  object space 91136K, 77% used [0x00000000c0000000,0x00000000c4508a00,0x00000000c5900000)
 Metaspace       used 70075K, committed 71296K, reserved 1114112K
  class space    used 7393K, committed 7872K, reserved 1048576K
}

