# JRE version: Java(TM) SE Runtime Environment (21.0.1+12) (build 21.0.1+12-LTS-29)
# Java VM: Java HotSpot(TM) 64-Bit Server VM (21.0.1+12-LTS-29, mixed mode, emulated-client, sharing, tiered, compressed oops, compressed class ptrs, g1 gc, windows-amd64)
GC Precious Log:
 CardTable entry size: 512
 Card Set container configuration: InlinePtr #cards 5 size 8 Array Of Cards #cards 12 size 40 Howl #buckets 4 coarsen threshold 1843 Howl Bitmap #cards 512 size 80 coarsen threshold 460 Card regions per heap region 1 cards per card region 2048
 CPUs: 8 total, 8 available
 Memory: 7885M
 Large Page Support: Disabled
 NUMA Support: Disabled
 Compressed Oops: Enabled (32-bit)
 Heap Region Size: 1M
 Heap Min Capacity: 8M
 Heap Initial Capacity: 124M
 Heap Max Capacity: 1972M
 Pre-touch: Disabled
 Parallel Workers: 8
 Concurrent Workers: 2
 Concurrent Refinement Workers: 8
 Periodic GC: Disabled
Heap:
 garbage-first heap   total 58368K, used 23251K [0x0000000084c00000, 0x0000000100000000)
  region size 1024K, 1 young (1024K), 1 survivors (1024K)
 Metaspace       used 50909K, committed 51584K, reserved 1114112K
  class space    used 6833K, committed 7168K, reserved 1048576K
GC Heap History (20 events):
Event: 8621.401 GC heap after
{Heap after GC invocations=276 (full 0):
 garbage-first heap   total 58368K, used 23226K [0x0000000084c00000, 0x0000000100000000)
  region size 1024K, 1 young (1024K), 1 survivors (1024K)
 Metaspace       used 50909K, committed 51584K, reserved 1114112K
  class space    used 6833K, committed 7168K, reserved 1048576K
}
Event: 8622.784 GC heap before
{Heap before GC invocations=276 (full 0):
 garbage-first heap   total 58368K, used 50874K [0x0000000084c00000, 0x0000000100000000)
  region size 1024K, 29 young (29696K), 1 survivors (1024K)
 Metaspace       used 50909K, committed 51584K, reserved 1114112K
  class space    used 6833K, committed 7168K, reserved 1048576K
}
Event: 8622.786 GC heap after
{Heap after GC invocations=277 (full 0):
 garbage-first heap   total 58368K, used 23275K [0x0000000084c00000, 0x0000000100000000)
  region size 1024K, 1 young (1024K), 1 survivors (1024K)
 Metaspace       used 50909K, committed 51584K, reserved 1114112K
  class space    used 6833K, committed 7168K, reserved 1048576K
}
Event: 8623.399 GC heap before
{Heap before GC invocations=278 (full 0):
 garbage-first heap   total 58368K, used 50923K [0x0000000084c00000, 0x0000000100000000)
  region size 1024K, 29 young (29696K), 1 survivors (1024K)
 Metaspace       used 50909K, committed 51584K, reserved 1114112K
  class space    used 6833K, committed 7168K, reserved 1048576K
}
Event: 8623.400 GC heap after
{Heap after GC invocations=279 (full 0):
 garbage-first heap   total 58368K, used 23236K [0x0000000084c00000, 0x0000000100000000)
  region size 1024K, 1 young (1024K), 1 survivors (1024K)
 Metaspace       used 50909K, committed 51584K, reserved 1114112K
  class space    used 6833K, committed 7168K, reserved 1048576K
}
Event: 8623.998 GC heap before
{Heap before GC invocations=279 (full 0):
 garbage-first heap   total 58368K, used 50884K [0x0000000084c00000, 0x0000000100000000)
  region size 1024K, 29 young (29696K), 1 survivors (1024K)
 Metaspace       used 50909K, committed 51584K, reserved 1114112K
  class space    used 6833K, committed 7168K, reserved 1048576K
}
Event: 8624.000 GC heap after
{Heap after GC invocations=280 (full 0):
 garbage-first heap   total 58368K, used 23256K [0x0000000084c00000, 0x0000000100000000)
  region size 1024K, 1 young (1024K), 1 survivors (1024K)
 Metaspace       used 50909K, committed 51584K, reserved 1114112K
  class space    used 6833K, committed 7168K, reserved 1048576K
}
Event: 8624.576 GC heap before
{Heap before GC invocations=281 (full 0):
 garbage-first heap   total 58368K, used 50904K [0x0000000084c00000, 0x0000000100000000)
  region size 1024K, 29 young (29696K), 1 survivors (1024K)
 Metaspace       used 50909K, committed 51584K, reserved 1114112K
  class space    used 6833K, committed 7168K, reserved 1048576K
}
Event: 8624.579 GC heap after
{Heap after GC invocations=282 (full 0):
 garbage-first heap   total 58368K, used 23234K [0x0000000084c00000, 0x0000000100000000)
  region size 1024K, 1 young (1024K), 1 survivors (1024K)
 Metaspace       used 50909K, committed 51584K, reserved 1114112K
  class space    used 6833K, committed 7168K, reserved 1048576K
}
Event: 8625.098 GC heap before
{Heap before GC invocations=282 (full 0):
 garbage-first heap   total 58368K, used 50882K [0x0000000084c00000, 0x0000000100000000)
  region size 1024K, 29 young (29696K), 1 survivors (1024K)
 Metaspace       used 50909K, committed 51584K, reserved 1114112K
  class space    used 6833K, committed 7168K, reserved 1048576K
}
Event: 8625.100 GC heap after
{Heap after GC invocations=283 (full 0):
 garbage-first heap   total 58368K, used 23222K [0x0000000084c00000, 0x0000000100000000)
  region size 1024K, 1 young (1024K), 1 survivors (1024K)
 Metaspace       used 50909K, committed 51584K, reserved 1114112K
  class space    used 6833K, committed 7168K, reserved 1048576K
}
Event: 8625.571 GC heap before
{Heap before GC invocations=284 (full 0):
 garbage-first heap   total 58368K, used 50870K [0x0000000084c00000, 0x0000000100000000)
  region size 1024K, 29 young (29696K), 1 survivors (1024K)
 Metaspace       used 50909K, committed 51584K, reserved 1114112K
  class space    used 6833K, committed 7168K, reserved 1048576K
}
Event: 8625.573 GC heap after
{Heap after GC invocations=285 (full 0):
 garbage-first heap   total 58368K, used 23210K [0x0000000084c00000, 0x0000000100000000)
  region size 1024K, 1 young (1024K), 1 survivors (1024K)
 Metaspace       used 50909K, committed 51584K, reserved 1114112K
  class space    used 6833K, committed 7168K, reserved 1048576K
}
Event: 8626.140 GC heap before
{Heap before GC invocations=285 (full 0):
 garbage-first heap   total 58368K, used 50858K [0x0000000084c00000, 0x0000000100000000)
  region size 1024K, 29 young (29696K), 1 survivors (1024K)
 Metaspace       used 50909K, committed 51584K, reserved 1114112K
  class space    used 6833K, committed 7168K, reserved 1048576K
}
Event: 8626.142 GC heap after
{Heap after GC invocations=286 (full 0):
 garbage-first heap   total 58368K, used 23254K [0x0000000084c00000, 0x0000000100000000)
  region size 1024K, 1 young (1024K), 1 survivors (1024K)
 Metaspace       used 50909K, committed 51584K, reserved 1114112K
  class space    used 6833K, committed 7168K, reserved 1048576K
}
Event: 8626.591 GC heap before
{Heap before GC invocations=287 (full 0):
 garbage-first heap   total 58368K, used 50902K [0x0000000084c00000, 0x0000000100000000)
  region size 1024K, 29 young (29696K), 1 survivors (1024K)
 Metaspace       used 50909K, committed 51584K, reserved 1114112K
  class space    used 6833K, committed 7168K, reserved 1048576K
}
Event: 8626.592 GC heap after
{Heap after GC invocations=288 (full 0):
 garbage-first heap   total 58368K, used 23206K [0x0000000084c00000, 0x0000000100000000)
  region size 1024K, 1 young (1024K), 1 survivors (1024K)
 Metaspace       used 50909K, committed 51584K, reserved 1114112K
  class space    used 6833K, committed 7168K, reserved 1048576K
}
Event: 8627.863 GC heap before
{Heap before GC invocations=288 (full 0):
 garbage-first heap   total 58368K, used 50854K [0x0000000084c00000, 0x0000000100000000)
  region size 1024K, 29 young (29696K), 1 survivors (1024K)
 Metaspace       used 50909K, committed 51584K, reserved 1114112K
  class space    used 6833K, committed 7168K, reserved 1048576K
}
Event: 8627.865 GC heap after
{Heap after GC invocations=289 (full 0):
 garbage-first heap   total 58368K, used 23289K [0x0000000084c00000, 0x0000000100000000)
  region size 1024K, 1 young (1024K), 1 survivors (1024K)
 Metaspace       used 50909K, committed 51584K, reserved 1114112K
  class space    used 6833K, committed 7168K, reserved 1048576K
}
Event: 8628.298 GC heap before
{Heap before GC invocations=290 (full 0):
 garbage-first heap   total 58368K, used 50937K [0x0000000084c00000, 0x0000000100000000)
  region size 1024K, 29 young (29696K), 1 survivors (1024K)
 Metaspace       used 50909K, committed 51584K, reserved 1114112K
  class space    used 6833K, committed 7168K, reserved 1048576K
}

