# JRE version: Java(TM) SE Runtime Environment (21.0.1+12) (build 21.0.1+12-LTS-29)
# Java VM: Java HotSpot(TM) 64-Bit Server VM (21.0.1+12-LTS-29, mixed mode, emulated-client, sharing, tiered, compressed oops, compressed class ptrs, g1 gc, windows-amd64)
GC Precious Log:
 CardTable entry size: 512
 Card Set container configuration: InlinePtr #cards 5 size 8 Array Of Cards #cards 12 size 40 Howl #buckets 4 coarsen threshold 1843 Howl Bitmap #cards 512 size 80 coarsen threshold 460 Card regions per heap region 1 cards per card region 2048
 CPUs: 8 total, 8 available
 Memory: 7885M
 Large Page Support: Disabled
 NUMA Support: Disabled
 Compressed Oops: Enabled (32-bit)
 Heap Region Size: 1M
 Heap Min Capacity: 8M
 Heap Initial Capacity: 124M
 Heap Max Capacity: 1972M
 Pre-touch: Disabled
 Parallel Workers: 8
 Concurrent Workers: 2
 Concurrent Refinement Workers: 8
 Periodic GC: Disabled
Heap:
 garbage-first heap   total 70656K, used 21568K [0x0000000084c00000, 0x0000000100000000)
  region size 1024K, 1 young (1024K), 1 survivors (1024K)
 Metaspace       used 42891K, committed 43648K, reserved 1114112K
  class space    used 6065K, committed 6400K, reserved 1048576K
GC Heap History (20 events):
Event: 272.658 GC heap after
{Heap after GC invocations=120 (full 0):
 garbage-first heap   total 70656K, used 21572K [0x0000000084c00000, 0x0000000100000000)
  region size 1024K, 1 young (1024K), 1 survivors (1024K)
 Metaspace       used 42891K, committed 43648K, reserved 1114112K
  class space    used 6065K, committed 6400K, reserved 1048576K
}
Event: 274.656 GC heap before
{Heap before GC invocations=120 (full 0):
 garbage-first heap   total 70656K, used 61508K [0x0000000084c00000, 0x0000000100000000)
  region size 1024K, 41 young (41984K), 1 survivors (1024K)
 Metaspace       used 42891K, committed 43648K, reserved 1114112K
  class space    used 6065K, committed 6400K, reserved 1048576K
}
Event: 274.738 GC heap after
{Heap after GC invocations=121 (full 0):
 garbage-first heap   total 70656K, used 21564K [0x0000000084c00000, 0x0000000100000000)
  region size 1024K, 1 young (1024K), 1 survivors (1024K)
 Metaspace       used 42891K, committed 43648K, reserved 1114112K
  class space    used 6065K, committed 6400K, reserved 1048576K
}
Event: 275.920 GC heap before
{Heap before GC invocations=121 (full 0):
 garbage-first heap   total 70656K, used 61500K [0x0000000084c00000, 0x0000000100000000)
  region size 1024K, 41 young (41984K), 1 survivors (1024K)
 Metaspace       used 42891K, committed 43648K, reserved 1114112K
  class space    used 6065K, committed 6400K, reserved 1048576K
}
Event: 275.922 GC heap after
{Heap after GC invocations=122 (full 0):
 garbage-first heap   total 70656K, used 21570K [0x0000000084c00000, 0x0000000100000000)
  region size 1024K, 1 young (1024K), 1 survivors (1024K)
 Metaspace       used 42891K, committed 43648K, reserved 1114112K
  class space    used 6065K, committed 6400K, reserved 1048576K
}
Event: 277.769 GC heap before
{Heap before GC invocations=122 (full 0):
 garbage-first heap   total 70656K, used 61506K [0x0000000084c00000, 0x0000000100000000)
  region size 1024K, 41 young (41984K), 1 survivors (1024K)
 Metaspace       used 42891K, committed 43648K, reserved 1114112K
  class space    used 6065K, committed 6400K, reserved 1048576K
}
Event: 277.771 GC heap after
{Heap after GC invocations=123 (full 0):
 garbage-first heap   total 70656K, used 21582K [0x0000000084c00000, 0x0000000100000000)
  region size 1024K, 1 young (1024K), 1 survivors (1024K)
 Metaspace       used 42891K, committed 43648K, reserved 1114112K
  class space    used 6065K, committed 6400K, reserved 1048576K
}
Event: 279.752 GC heap before
{Heap before GC invocations=123 (full 0):
 garbage-first heap   total 70656K, used 61518K [0x0000000084c00000, 0x0000000100000000)
  region size 1024K, 41 young (41984K), 1 survivors (1024K)
 Metaspace       used 42891K, committed 43648K, reserved 1114112K
  class space    used 6065K, committed 6400K, reserved 1048576K
}
Event: 279.754 GC heap after
{Heap after GC invocations=124 (full 0):
 garbage-first heap   total 70656K, used 21590K [0x0000000084c00000, 0x0000000100000000)
  region size 1024K, 1 young (1024K), 1 survivors (1024K)
 Metaspace       used 42891K, committed 43648K, reserved 1114112K
  class space    used 6065K, committed 6400K, reserved 1048576K
}
Event: 281.510 GC heap before
{Heap before GC invocations=124 (full 0):
 garbage-first heap   total 70656K, used 61526K [0x0000000084c00000, 0x0000000100000000)
  region size 1024K, 41 young (41984K), 1 survivors (1024K)
 Metaspace       used 42891K, committed 43648K, reserved 1114112K
  class space    used 6065K, committed 6400K, reserved 1048576K
}
Event: 281.514 GC heap after
{Heap after GC invocations=125 (full 0):
 garbage-first heap   total 70656K, used 21578K [0x0000000084c00000, 0x0000000100000000)
  region size 1024K, 1 young (1024K), 1 survivors (1024K)
 Metaspace       used 42891K, committed 43648K, reserved 1114112K
  class space    used 6065K, committed 6400K, reserved 1048576K
}
Event: 282.946 GC heap before
{Heap before GC invocations=125 (full 0):
 garbage-first heap   total 70656K, used 61514K [0x0000000084c00000, 0x0000000100000000)
  region size 1024K, 41 young (41984K), 1 survivors (1024K)
 Metaspace       used 42891K, committed 43648K, reserved 1114112K
  class space    used 6065K, committed 6400K, reserved 1048576K
}
Event: 282.949 GC heap after
{Heap after GC invocations=126 (full 0):
 garbage-first heap   total 70656K, used 21602K [0x0000000084c00000, 0x0000000100000000)
  region size 1024K, 1 young (1024K), 1 survivors (1024K)
 Metaspace       used 42891K, committed 43648K, reserved 1114112K
  class space    used 6065K, committed 6400K, reserved 1048576K
}
Event: 284.693 GC heap before
{Heap before GC invocations=126 (full 0):
 garbage-first heap   total 70656K, used 61538K [0x0000000084c00000, 0x0000000100000000)
  region size 1024K, 41 young (41984K), 1 survivors (1024K)
 Metaspace       used 42891K, committed 43648K, reserved 1114112K
  class space    used 6065K, committed 6400K, reserved 1048576K
}
Event: 284.695 GC heap after
{Heap after GC invocations=127 (full 0):
 garbage-first heap   total 70656K, used 21568K [0x0000000084c00000, 0x0000000100000000)
  region size 1024K, 1 young (1024K), 1 survivors (1024K)
 Metaspace       used 42891K, committed 43648K, reserved 1114112K
  class space    used 6065K, committed 6400K, reserved 1048576K
}
Event: 286.086 GC heap before
{Heap before GC invocations=127 (full 0):
 garbage-first heap   total 70656K, used 61504K [0x0000000084c00000, 0x0000000100000000)
  region size 1024K, 41 young (41984K), 1 survivors (1024K)
 Metaspace       used 42891K, committed 43648K, reserved 1114112K
  class space    used 6065K, committed 6400K, reserved 1048576K
}
Event: 286.089 GC heap after
{Heap after GC invocations=128 (full 0):
 garbage-first heap   total 70656K, used 21589K [0x0000000084c00000, 0x0000000100000000)
  region size 1024K, 1 young (1024K), 1 survivors (1024K)
 Metaspace       used 42891K, committed 43648K, reserved 1114112K
  class space    used 6065K, committed 6400K, reserved 1048576K
}
Event: 287.353 GC heap before
{Heap before GC invocations=128 (full 0):
 garbage-first heap   total 70656K, used 61525K [0x0000000084c00000, 0x0000000100000000)
  region size 1024K, 41 young (41984K), 1 survivors (1024K)
 Metaspace       used 42891K, committed 43648K, reserved 1114112K
  class space    used 6065K, committed 6400K, reserved 1048576K
}
Event: 287.460 GC heap after
{Heap after GC invocations=129 (full 0):
 garbage-first heap   total 70656K, used 21541K [0x0000000084c00000, 0x0000000100000000)
  region size 1024K, 1 young (1024K), 1 survivors (1024K)
 Metaspace       used 42891K, committed 43648K, reserved 1114112K
  class space    used 6065K, committed 6400K, reserved 1048576K
}
Event: 288.320 GC heap before
{Heap before GC invocations=129 (full 0):
 garbage-first heap   total 70656K, used 61477K [0x0000000084c00000, 0x0000000100000000)
  region size 1024K, 41 young (41984K), 1 survivors (1024K)
 Metaspace       used 42891K, committed 43648K, reserved 1114112K
  class space    used 6065K, committed 6400K, reserved 1048576K
}

