# JRE version: Java(TM) SE Runtime Environment (21.0.1+12) (build 21.0.1+12-LTS-29)
# Java VM: Java HotSpot(TM) 64-Bit Server VM (21.0.1+12-LTS-29, mixed mode, emulated-client, sharing, tiered, compressed oops, compressed class ptrs, g1 gc, windows-amd64)
GC Precious Log:
 CardTable entry size: 512
 Card Set container configuration: InlinePtr #cards 5 size 8 Array Of Cards #cards 12 size 40 Howl #buckets 4 coarsen threshold 1843 Howl Bitmap #cards 512 size 80 coarsen threshold 460 Card regions per heap region 1 cards per card region 2048
 CPUs: 8 total, 8 available
 Memory: 7885M
 Large Page Support: Disabled
 NUMA Support: Disabled
 Compressed Oops: Enabled (32-bit)
 Heap Region Size: 1M
 Heap Min Capacity: 8M
 Heap Initial Capacity: 124M
 Heap Max Capacity: 1972M
 Pre-touch: Disabled
 Parallel Workers: 8
 Concurrent Workers: 2
 Concurrent Refinement Workers: 8
 Periodic GC: Disabled
Heap:
 garbage-first heap   total 58368K, used 25344K [0x0000000084c00000, 0x0000000100000000)
  region size 1024K, 2 young (2048K), 2 survivors (2048K)
 Metaspace       used 42438K, committed 43136K, reserved 1114112K
  class space    used 6031K, committed 6336K, reserved 1048576K
GC Heap History (20 events):
Event: 2.450 GC heap after
{Heap after GC invocations=3 (full 0):
 garbage-first heap   total 126976K, used 11679K [0x0000000084c00000, 0x0000000100000000)
  region size 1024K, 7 young (7168K), 7 survivors (7168K)
 Metaspace       used 16718K, committed 17088K, reserved 1114112K
  class space    used 2252K, committed 2432K, reserved 1048576K
}
Event: 3.030 GC heap before
{Heap before GC invocations=4 (full 0):
 garbage-first heap   total 48128K, used 33183K [0x0000000084c00000, 0x0000000100000000)
  region size 1024K, 28 young (28672K), 7 survivors (7168K)
 Metaspace       used 19054K, committed 19392K, reserved 1114112K
  class space    used 2583K, committed 2752K, reserved 1048576K
}
Event: 3.037 GC heap after
{Heap after GC invocations=5 (full 0):
 garbage-first heap   total 48128K, used 12984K [0x0000000084c00000, 0x0000000100000000)
  region size 1024K, 2 young (2048K), 2 survivors (2048K)
 Metaspace       used 19054K, committed 19392K, reserved 1114112K
  class space    used 2583K, committed 2752K, reserved 1048576K
}
Event: 3.786 GC heap before
{Heap before GC invocations=5 (full 0):
 garbage-first heap   total 48128K, used 36536K [0x0000000084c00000, 0x0000000100000000)
  region size 1024K, 25 young (25600K), 2 survivors (2048K)
 Metaspace       used 22805K, committed 23296K, reserved 1114112K
  class space    used 3175K, committed 3392K, reserved 1048576K
}
Event: 3.791 GC heap after
{Heap after GC invocations=6 (full 0):
 garbage-first heap   total 48128K, used 15176K [0x0000000084c00000, 0x0000000100000000)
  region size 1024K, 4 young (4096K), 4 survivors (4096K)
 Metaspace       used 22805K, committed 23296K, reserved 1114112K
  class space    used 3175K, committed 3392K, reserved 1048576K
}
Event: 4.492 GC heap before
{Heap before GC invocations=6 (full 0):
 garbage-first heap   total 48128K, used 37704K [0x0000000084c00000, 0x0000000100000000)
  region size 1024K, 26 young (26624K), 4 survivors (4096K)
 Metaspace       used 26800K, committed 27392K, reserved 1114112K
  class space    used 3702K, committed 3968K, reserved 1048576K
}
Event: 4.502 GC heap after
{Heap after GC invocations=7 (full 0):
 garbage-first heap   total 48128K, used 16795K [0x0000000084c00000, 0x0000000100000000)
  region size 1024K, 2 young (2048K), 2 survivors (2048K)
 Metaspace       used 26800K, committed 27392K, reserved 1114112K
  class space    used 3702K, committed 3968K, reserved 1048576K
}
Event: 4.609 GC heap before
{Heap before GC invocations=7 (full 0):
 garbage-first heap   total 48128K, used 18843K [0x0000000084c00000, 0x0000000100000000)
  region size 1024K, 6 young (6144K), 2 survivors (2048K)
 Metaspace       used 27996K, committed 28480K, reserved 1114112K
  class space    used 3860K, committed 4096K, reserved 1048576K
}
Event: 4.612 GC heap after
{Heap after GC invocations=8 (full 0):
 garbage-first heap   total 48128K, used 16815K [0x0000000084c00000, 0x0000000100000000)
  region size 1024K, 2 young (2048K), 2 survivors (2048K)
 Metaspace       used 27996K, committed 28480K, reserved 1114112K
  class space    used 3860K, committed 4096K, reserved 1048576K
}
Event: 5.116 GC heap before
{Heap before GC invocations=9 (full 0):
 garbage-first heap   total 48128K, used 40367K [0x0000000084c00000, 0x0000000100000000)
  region size 1024K, 25 young (25600K), 2 survivors (2048K)
 Metaspace       used 31373K, committed 31936K, reserved 1114112K
  class space    used 4423K, committed 4672K, reserved 1048576K
}
Event: 5.123 GC heap after
{Heap after GC invocations=10 (full 0):
 garbage-first heap   total 58368K, used 19114K [0x0000000084c00000, 0x0000000100000000)
  region size 1024K, 4 young (4096K), 4 survivors (4096K)
 Metaspace       used 31373K, committed 31936K, reserved 1114112K
  class space    used 4423K, committed 4672K, reserved 1048576K
}
Event: 5.684 GC heap before
{Heap before GC invocations=10 (full 0):
 garbage-first heap   total 58368K, used 49834K [0x0000000084c00000, 0x0000000100000000)
  region size 1024K, 34 young (34816K), 4 survivors (4096K)
 Metaspace       used 33407K, committed 33984K, reserved 1114112K
  class space    used 4721K, committed 4992K, reserved 1048576K
}
Event: 5.692 GC heap after
{Heap after GC invocations=11 (full 0):
 garbage-first heap   total 58368K, used 20146K [0x0000000084c00000, 0x0000000100000000)
  region size 1024K, 5 young (5120K), 5 survivors (5120K)
 Metaspace       used 33407K, committed 33984K, reserved 1114112K
  class space    used 4721K, committed 4992K, reserved 1048576K
}
Event: 6.218 GC heap before
{Heap before GC invocations=11 (full 0):
 garbage-first heap   total 58368K, used 47794K [0x0000000084c00000, 0x0000000100000000)
  region size 1024K, 32 young (32768K), 5 survivors (5120K)
 Metaspace       used 35136K, committed 35712K, reserved 1114112K
  class space    used 4963K, committed 5248K, reserved 1048576K
}
Event: 6.223 GC heap after
{Heap after GC invocations=12 (full 0):
 garbage-first heap   total 58368K, used 21479K [0x0000000084c00000, 0x0000000100000000)
  region size 1024K, 3 young (3072K), 3 survivors (3072K)
 Metaspace       used 35136K, committed 35712K, reserved 1114112K
  class space    used 4963K, committed 5248K, reserved 1048576K
}
Event: 7.013 GC heap before
{Heap before GC invocations=12 (full 0):
 garbage-first heap   total 58368K, used 50151K [0x0000000084c00000, 0x0000000100000000)
  region size 1024K, 31 young (31744K), 3 survivors (3072K)
 Metaspace       used 38452K, committed 39104K, reserved 1114112K
  class space    used 5446K, committed 5760K, reserved 1048576K
}
Event: 7.020 GC heap after
{Heap after GC invocations=13 (full 0):
 garbage-first heap   total 58368K, used 23660K [0x0000000084c00000, 0x0000000100000000)
  region size 1024K, 4 young (4096K), 4 survivors (4096K)
 Metaspace       used 38452K, committed 39104K, reserved 1114112K
  class space    used 5446K, committed 5760K, reserved 1048576K
}
Event: 7.640 GC heap before
{Heap before GC invocations=13 (full 0):
 garbage-first heap   total 58368K, used 48236K [0x0000000084c00000, 0x0000000100000000)
  region size 1024K, 29 young (29696K), 4 survivors (4096K)
 Metaspace       used 42417K, committed 43072K, reserved 1114112K
  class space    used 6026K, committed 6336K, reserved 1048576K
}
Event: 7.648 GC heap after
{Heap after GC invocations=14 (full 0):
 garbage-first heap   total 58368K, used 25260K [0x0000000084c00000, 0x0000000100000000)
  region size 1024K, 4 young (4096K), 4 survivors (4096K)
 Metaspace       used 42417K, committed 43072K, reserved 1114112K
  class space    used 6026K, committed 6336K, reserved 1048576K
}
Event: 8.506 GC heap before
{Heap before GC invocations=14 (full 0):
 garbage-first heap   total 58368K, used 46764K [0x0000000084c00000, 0x0000000100000000)
  region size 1024K, 27 young (27648K), 4 survivors (4096K)
 Metaspace       used 42438K, committed 43136K, reserved 1114112K
  class space    used 6031K, committed 6336K, reserved 1048576K
}

