# JRE version: OpenJDK Runtime Environment Temurin-17.0.10+7 (17.0.10+7) (build 17.0.10+7)
# Java VM: OpenJDK 64-Bit Server VM Temurin-17.0.10+7 (17.0.10+7, mixed mode, tiered, compressed oops, compressed class ptrs, parallel gc, windows-amd64)
GC Precious Log:
 CPUs: 8 total, 8 available
 Memory: 7885M
 Large Page Support: Disabled
 NUMA Support: Disabled
 Compressed Oops: Enabled (32-bit)
 Alignments: Space 512K, Generation 512K, Heap 2M
 Heap Min Capacity: 100M
 Heap Initial Capacity: 100M
 Heap Max Capacity: 1G
 Pre-touch: Disabled
 Parallel Workers: 8
Heap:
 PSYoungGen      total 20480K, used 16480K [0x00000000eab00000, 0x00000000ec000000, 0x0000000100000000)
  eden space 18432K, 85% used [0x00000000eab00000,0x00000000eba701a0,0x00000000ebd00000)
  from space 2048K, 32% used [0x00000000ebd00000,0x00000000ebda8020,0x00000000ebf00000)
  to   space 1024K, 0% used [0x00000000ebf00000,0x00000000ebf00000,0x00000000ec000000)
 ParOldGen       total 68608K, used 62865K [0x00000000c0000000, 0x00000000c4300000, 0x00000000eab00000)
  object space 68608K, 91% used [0x00000000c0000000,0x00000000c3d64738,0x00000000c4300000)
 Metaspace       used 67987K, committed 69184K, reserved 1114112K
  class space    used 7125K, committed 7680K, reserved 1048576K
GC Heap History (20 events):
Event: 9.221 GC heap before
{Heap before GC invocations=39 (full 3):
 PSYoungGen      total 22528K, used 22454K [0x00000000eab00000, 0x00000000ec480000, 0x0000000100000000)
  eden space 19968K, 99% used [0x00000000eab00000,0x00000000ebe7ffd8,0x00000000ebe80000)
  from space 2560K, 97% used [0x00000000ebe80000,0x00000000ec0edae0,0x00000000ec100000)
  to   space 3072K, 0% used [0x00000000ec180000,0x00000000ec180000,0x00000000ec480000)
 ParOldGen       total 68608K, used 46142K [0x00000000c0000000, 0x00000000c4300000, 0x00000000eab00000)
  object space 68608K, 67% used [0x00000000c0000000,0x00000000c2d0fa08,0x00000000c4300000)
 Metaspace       used 63967K, committed 65152K, reserved 1114112K
  class space    used 6699K, committed 7232K, reserved 1048576K
}
Event: 9.224 GC heap after
{Heap after GC invocations=39 (full 3):
 PSYoungGen      total 21504K, used 1376K [0x00000000eab00000, 0x00000000ec300000, 0x0000000100000000)
  eden space 19968K, 0% used [0x00000000eab00000,0x00000000eab00000,0x00000000ebe80000)
  from space 1536K, 89% used [0x00000000ec180000,0x00000000ec2d8000,0x00000000ec300000)
  to   space 2048K, 0% used [0x00000000ebf00000,0x00000000ebf00000,0x00000000ec100000)
 ParOldGen       total 68608K, used 48480K [0x00000000c0000000, 0x00000000c4300000, 0x00000000eab00000)
  object space 68608K, 70% used [0x00000000c0000000,0x00000000c2f58020,0x00000000c4300000)
 Metaspace       used 63967K, committed 65152K, reserved 1114112K
  class space    used 6699K, committed 7232K, reserved 1048576K
}
Event: 9.347 GC heap before
{Heap before GC invocations=40 (full 3):
 PSYoungGen      total 21504K, used 21344K [0x00000000eab00000, 0x00000000ec300000, 0x0000000100000000)
  eden space 19968K, 100% used [0x00000000eab00000,0x00000000ebe80000,0x00000000ebe80000)
  from space 1536K, 89% used [0x00000000ec180000,0x00000000ec2d8000,0x00000000ec300000)
  to   space 2048K, 0% used [0x00000000ebf00000,0x00000000ebf00000,0x00000000ec100000)
 ParOldGen       total 68608K, used 48480K [0x00000000c0000000, 0x00000000c4300000, 0x00000000eab00000)
  object space 68608K, 70% used [0x00000000c0000000,0x00000000c2f58020,0x00000000c4300000)
 Metaspace       used 63986K, committed 65152K, reserved 1114112K
  class space    used 6700K, committed 7232K, reserved 1048576K
}
Event: 9.350 GC heap after
{Heap after GC invocations=40 (full 3):
 PSYoungGen      total 22016K, used 1696K [0x00000000eab00000, 0x00000000ec280000, 0x0000000100000000)
  eden space 19968K, 0% used [0x00000000eab00000,0x00000000eab00000,0x00000000ebe80000)
  from space 2048K, 82% used [0x00000000ebf00000,0x00000000ec0a8020,0x00000000ec100000)
  to   space 1536K, 0% used [0x00000000ec100000,0x00000000ec100000,0x00000000ec280000)
 ParOldGen       total 68608K, used 49738K [0x00000000c0000000, 0x00000000c4300000, 0x00000000eab00000)
  object space 68608K, 72% used [0x00000000c0000000,0x00000000c3092a38,0x00000000c4300000)
 Metaspace       used 63986K, committed 65152K, reserved 1114112K
  class space    used 6700K, committed 7232K, reserved 1048576K
}
Event: 9.440 GC heap before
{Heap before GC invocations=41 (full 3):
 PSYoungGen      total 22016K, used 21664K [0x00000000eab00000, 0x00000000ec280000, 0x0000000100000000)
  eden space 19968K, 100% used [0x00000000eab00000,0x00000000ebe80000,0x00000000ebe80000)
  from space 2048K, 82% used [0x00000000ebf00000,0x00000000ec0a8020,0x00000000ec100000)
  to   space 1536K, 0% used [0x00000000ec100000,0x00000000ec100000,0x00000000ec280000)
 ParOldGen       total 68608K, used 49738K [0x00000000c0000000, 0x00000000c4300000, 0x00000000eab00000)
  object space 68608K, 72% used [0x00000000c0000000,0x00000000c3092a38,0x00000000c4300000)
 Metaspace       used 64014K, committed 65216K, reserved 1114112K
  class space    used 6700K, committed 7232K, reserved 1048576K
}
Event: 9.443 GC heap after
{Heap after GC invocations=41 (full 3):
 PSYoungGen      total 20480K, used 1536K [0x00000000eab00000, 0x00000000ec580000, 0x0000000100000000)
  eden space 18944K, 0% used [0x00000000eab00000,0x00000000eab00000,0x00000000ebd80000)
  from space 1536K, 100% used [0x00000000ec100000,0x00000000ec280000,0x00000000ec280000)
  to   space 3584K, 0% used [0x00000000ebd80000,0x00000000ebd80000,0x00000000ec100000)
 ParOldGen       total 68608K, used 51390K [0x00000000c0000000, 0x00000000c4300000, 0x00000000eab00000)
  object space 68608K, 74% used [0x00000000c0000000,0x00000000c322fae0,0x00000000c4300000)
 Metaspace       used 64014K, committed 65216K, reserved 1114112K
  class space    used 6700K, committed 7232K, reserved 1048576K
}
Event: 9.553 GC heap before
{Heap before GC invocations=42 (full 3):
 PSYoungGen      total 20480K, used 20480K [0x00000000eab00000, 0x00000000ec580000, 0x0000000100000000)
  eden space 18944K, 100% used [0x00000000eab00000,0x00000000ebd80000,0x00000000ebd80000)
  from space 1536K, 100% used [0x00000000ec100000,0x00000000ec280000,0x00000000ec280000)
  to   space 3584K, 0% used [0x00000000ebd80000,0x00000000ebd80000,0x00000000ec100000)
 ParOldGen       total 68608K, used 51390K [0x00000000c0000000, 0x00000000c4300000, 0x00000000eab00000)
  object space 68608K, 74% used [0x00000000c0000000,0x00000000c322fae0,0x00000000c4300000)
 Metaspace       used 64041K, committed 65216K, reserved 1114112K
  class space    used 6700K, committed 7232K, reserved 1048576K
}
Event: 9.555 GC heap after
{Heap after GC invocations=42 (full 3):
 PSYoungGen      total 20992K, used 1664K [0x00000000eab00000, 0x00000000ec280000, 0x0000000100000000)
  eden space 18944K, 0% used [0x00000000eab00000,0x00000000eab00000,0x00000000ebd80000)
  from space 2048K, 81% used [0x00000000ebd80000,0x00000000ebf20010,0x00000000ebf80000)
  to   space 2560K, 0% used [0x00000000ec000000,0x00000000ec000000,0x00000000ec280000)
 ParOldGen       total 68608K, used 52926K [0x00000000c0000000, 0x00000000c4300000, 0x00000000eab00000)
  object space 68608K, 77% used [0x00000000c0000000,0x00000000c33afae0,0x00000000c4300000)
 Metaspace       used 64041K, committed 65216K, reserved 1114112K
  class space    used 6700K, committed 7232K, reserved 1048576K
}
Event: 9.711 GC heap before
{Heap before GC invocations=43 (full 3):
 PSYoungGen      total 20992K, used 20608K [0x00000000eab00000, 0x00000000ec280000, 0x0000000100000000)
  eden space 18944K, 100% used [0x00000000eab00000,0x00000000ebd80000,0x00000000ebd80000)
  from space 2048K, 81% used [0x00000000ebd80000,0x00000000ebf20010,0x00000000ebf80000)
  to   space 2560K, 0% used [0x00000000ec000000,0x00000000ec000000,0x00000000ec280000)
 ParOldGen       total 68608K, used 52926K [0x00000000c0000000, 0x00000000c4300000, 0x00000000eab00000)
  object space 68608K, 77% used [0x00000000c0000000,0x00000000c33afae0,0x00000000c4300000)
 Metaspace       used 64041K, committed 65216K, reserved 1114112K
  class space    used 6700K, committed 7232K, reserved 1048576K
}
Event: 9.713 GC heap after
{Heap after GC invocations=43 (full 3):
 PSYoungGen      total 20992K, used 1696K [0x00000000eab00000, 0x00000000ec200000, 0x0000000100000000)
  eden space 18944K, 0% used [0x00000000eab00000,0x00000000eab00000,0x00000000ebd80000)
  from space 2048K, 82% used [0x00000000ec000000,0x00000000ec1a8000,0x00000000ec200000)
  to   space 2048K, 0% used [0x00000000ebd80000,0x00000000ebd80000,0x00000000ebf80000)
 ParOldGen       total 68608K, used 54535K [0x00000000c0000000, 0x00000000c4300000, 0x00000000eab00000)
  object space 68608K, 79% used [0x00000000c0000000,0x00000000c3541c48,0x00000000c4300000)
 Metaspace       used 64041K, committed 65216K, reserved 1114112K
  class space    used 6700K, committed 7232K, reserved 1048576K
}
Event: 9.829 GC heap before
{Heap before GC invocations=44 (full 3):
 PSYoungGen      total 20992K, used 20640K [0x00000000eab00000, 0x00000000ec200000, 0x0000000100000000)
  eden space 18944K, 100% used [0x00000000eab00000,0x00000000ebd80000,0x00000000ebd80000)
  from space 2048K, 82% used [0x00000000ec000000,0x00000000ec1a8000,0x00000000ec200000)
  to   space 2048K, 0% used [0x00000000ebd80000,0x00000000ebd80000,0x00000000ebf80000)
 ParOldGen       total 68608K, used 54535K [0x00000000c0000000, 0x00000000c4300000, 0x00000000eab00000)
  object space 68608K, 79% used [0x00000000c0000000,0x00000000c3541c48,0x00000000c4300000)
 Metaspace       used 64041K, committed 65216K, reserved 1114112K
  class space    used 6700K, committed 7232K, reserved 1048576K
}
Event: 9.832 GC heap after
{Heap after GC invocations=44 (full 3):
 PSYoungGen      total 20992K, used 1728K [0x00000000eab00000, 0x00000000ec180000, 0x0000000100000000)
  eden space 18944K, 0% used [0x00000000eab00000,0x00000000eab00000,0x00000000ebd80000)
  from space 2048K, 84% used [0x00000000ebd80000,0x00000000ebf30000,0x00000000ebf80000)
  to   space 2048K, 0% used [0x00000000ebf80000,0x00000000ebf80000,0x00000000ec180000)
 ParOldGen       total 68608K, used 56143K [0x00000000c0000000, 0x00000000c4300000, 0x00000000eab00000)
  object space 68608K, 81% used [0x00000000c0000000,0x00000000c36d3c48,0x00000000c4300000)
 Metaspace       used 64041K, committed 65216K, reserved 1114112K
  class space    used 6700K, committed 7232K, reserved 1048576K
}
Event: 9.927 GC heap before
{Heap before GC invocations=45 (full 3):
 PSYoungGen      total 20992K, used 20672K [0x00000000eab00000, 0x00000000ec180000, 0x0000000100000000)
  eden space 18944K, 100% used [0x00000000eab00000,0x00000000ebd80000,0x00000000ebd80000)
  from space 2048K, 84% used [0x00000000ebd80000,0x00000000ebf30000,0x00000000ebf80000)
  to   space 2048K, 0% used [0x00000000ebf80000,0x00000000ebf80000,0x00000000ec180000)
 ParOldGen       total 68608K, used 56143K [0x00000000c0000000, 0x00000000c4300000, 0x00000000eab00000)
  object space 68608K, 81% used [0x00000000c0000000,0x00000000c36d3c48,0x00000000c4300000)
 Metaspace       used 64045K, committed 65216K, reserved 1114112K
  class space    used 6700K, committed 7232K, reserved 1048576K
}
Event: 9.929 GC heap after
{Heap after GC invocations=45 (full 3):
 PSYoungGen      total 20480K, used 2016K [0x00000000eab00000, 0x00000000ec280000, 0x0000000100000000)
  eden space 18432K, 0% used [0x00000000eab00000,0x00000000eab00000,0x00000000ebd00000)
  from space 2048K, 98% used [0x00000000ebf80000,0x00000000ec178010,0x00000000ec180000)
  to   space 2560K, 0% used [0x00000000ebd00000,0x00000000ebd00000,0x00000000ebf80000)
 ParOldGen       total 68608K, used 57815K [0x00000000c0000000, 0x00000000c4300000, 0x00000000eab00000)
  object space 68608K, 84% used [0x00000000c0000000,0x00000000c3875c48,0x00000000c4300000)
 Metaspace       used 64045K, committed 65216K, reserved 1114112K
  class space    used 6700K, committed 7232K, reserved 1048576K
}
Event: 10.032 GC heap before
{Heap before GC invocations=46 (full 3):
 PSYoungGen      total 20480K, used 20448K [0x00000000eab00000, 0x00000000ec280000, 0x0000000100000000)
  eden space 18432K, 100% used [0x00000000eab00000,0x00000000ebd00000,0x00000000ebd00000)
  from space 2048K, 98% used [0x00000000ebf80000,0x00000000ec178010,0x00000000ec180000)
  to   space 2560K, 0% used [0x00000000ebd00000,0x00000000ebd00000,0x00000000ebf80000)
 ParOldGen       total 68608K, used 57815K [0x00000000c0000000, 0x00000000c4300000, 0x00000000eab00000)
  object space 68608K, 84% used [0x00000000c0000000,0x00000000c3875c48,0x00000000c4300000)
 Metaspace       used 64303K, committed 65472K, reserved 1114112K
  class space    used 6722K, committed 7296K, reserved 1048576K
}
Event: 10.035 GC heap after
{Heap after GC invocations=46 (full 3):
 PSYoungGen      total 20992K, used 2432K [0x00000000eab00000, 0x00000000ec200000, 0x0000000100000000)
  eden space 18432K, 0% used [0x00000000eab00000,0x00000000eab00000,0x00000000ebd00000)
  from space 2560K, 95% used [0x00000000ebd00000,0x00000000ebf60000,0x00000000ebf80000)
  to   space 2560K, 0% used [0x00000000ebf80000,0x00000000ebf80000,0x00000000ec200000)
 ParOldGen       total 68608K, used 59685K [0x00000000c0000000, 0x00000000c4300000, 0x00000000eab00000)
  object space 68608K, 86% used [0x00000000c0000000,0x00000000c3a494d8,0x00000000c4300000)
 Metaspace       used 64303K, committed 65472K, reserved 1114112K
  class space    used 6722K, committed 7296K, reserved 1048576K
}
Event: 10.316 GC heap before
{Heap before GC invocations=47 (full 3):
 PSYoungGen      total 20992K, used 20864K [0x00000000eab00000, 0x00000000ec200000, 0x0000000100000000)
  eden space 18432K, 100% used [0x00000000eab00000,0x00000000ebd00000,0x00000000ebd00000)
  from space 2560K, 95% used [0x00000000ebd00000,0x00000000ebf60000,0x00000000ebf80000)
  to   space 2560K, 0% used [0x00000000ebf80000,0x00000000ebf80000,0x00000000ec200000)
 ParOldGen       total 68608K, used 59685K [0x00000000c0000000, 0x00000000c4300000, 0x00000000eab00000)
  object space 68608K, 86% used [0x00000000c0000000,0x00000000c3a494d8,0x00000000c4300000)
 Metaspace       used 64878K, committed 66112K, reserved 1114112K
  class space    used 6778K, committed 7360K, reserved 1048576K
}
Event: 10.318 GC heap after
{Heap after GC invocations=47 (full 3):
 PSYoungGen      total 19968K, used 1088K [0x00000000eab00000, 0x00000000ec100000, 0x0000000100000000)
  eden space 18432K, 0% used [0x00000000eab00000,0x00000000eab00000,0x00000000ebd00000)
  from space 1536K, 70% used [0x00000000ebf80000,0x00000000ec090000,0x00000000ec100000)
  to   space 2048K, 0% used [0x00000000ebd00000,0x00000000ebd00000,0x00000000ebf00000)
 ParOldGen       total 68608K, used 61997K [0x00000000c0000000, 0x00000000c4300000, 0x00000000eab00000)
  object space 68608K, 90% used [0x00000000c0000000,0x00000000c3c8b4d8,0x00000000c4300000)
 Metaspace       used 64878K, committed 66112K, reserved 1114112K
  class space    used 6778K, committed 7360K, reserved 1048576K
}
Event: 10.619 GC heap before
{Heap before GC invocations=48 (full 3):
 PSYoungGen      total 19968K, used 19520K [0x00000000eab00000, 0x00000000ec100000, 0x0000000100000000)
  eden space 18432K, 100% used [0x00000000eab00000,0x00000000ebd00000,0x00000000ebd00000)
  from space 1536K, 70% used [0x00000000ebf80000,0x00000000ec090000,0x00000000ec100000)
  to   space 2048K, 0% used [0x00000000ebd00000,0x00000000ebd00000,0x00000000ebf00000)
 ParOldGen       total 68608K, used 61997K [0x00000000c0000000, 0x00000000c4300000, 0x00000000eab00000)
  object space 68608K, 90% used [0x00000000c0000000,0x00000000c3c8b4d8,0x00000000c4300000)
 Metaspace       used 66258K, committed 67584K, reserved 1114112K
  class space    used 6961K, committed 7552K, reserved 1048576K
}
Event: 10.621 GC heap after
{Heap after GC invocations=48 (full 3):
 PSYoungGen      total 20480K, used 672K [0x00000000eab00000, 0x00000000ec000000, 0x0000000100000000)
  eden space 18432K, 0% used [0x00000000eab00000,0x00000000eab00000,0x00000000ebd00000)
  from space 2048K, 32% used [0x00000000ebd00000,0x00000000ebda8020,0x00000000ebf00000)
  to   space 1024K, 0% used [0x00000000ebf00000,0x00000000ebf00000,0x00000000ec000000)
 ParOldGen       total 68608K, used 62865K [0x00000000c0000000, 0x00000000c4300000, 0x00000000eab00000)
  object space 68608K, 91% used [0x00000000c0000000,0x00000000c3d64738,0x00000000c4300000)
 Metaspace       used 66258K, committed 67584K, reserved 1114112K
  class space    used 6961K, committed 7552K, reserved 1048576K
}

